{"C:\\laragon\\www\\InventorySystem\\resources\\js\\components\\App.jsx": {"path":"C:\\laragon\\www\\InventorySystem\\resources\\js\\components\\App.jsx","statementMap":{"0":{"start":{"line":22,"column":25},"end":{"line":22,"column":69}},"1":{"start":{"line":23,"column":27},"end":{"line":26,"column":2}},"2":{"start":{"line":29,"column":21},"end":{"line":29,"column":34}},"3":{"start":{"line":30,"column":28},"end":{"line":30,"column":40}},"4":{"start":{"line":31,"column":18},"end":{"line":31,"column":35}},"5":{"start":{"line":32,"column":34},"end":{"line":32,"column":48}},"6":{"start":{"line":33,"column":28},"end":{"line":35,"column":5}},"7":{"start":{"line":36,"column":22},"end":{"line":45,"column":5}},"8":{"start":{"line":37,"column":15},"end":{"line":43,"column":9}},"9":{"start":{"line":39,"column":16},"end":{"line":41,"column":18}},"10":{"start":{"line":40,"column":20},"end":{"line":40,"column":59}},"11":{"start":{"line":47,"column":18},"end":{"line":55,"column":5}},"12":{"start":{"line":49,"column":12},"end":{"line":53,"column":14}},"13":{"start":{"line":57,"column":19},"end":{"line":57,"column":39}},"14":{"start":{"line":58,"column":21},"end":{"line":58,"column":34}},"15":{"start":{"line":60,"column":20},"end":{"line":103,"column":5}},"16":{"start":{"line":61,"column":8},"end":{"line":102,"column":15}},"17":{"start":{"line":69,"column":16},"end":{"line":87,"column":17}},"18":{"start":{"line":70,"column":20},"end":{"line":74,"column":21}},"19":{"start":{"line":71,"column":24},"end":{"line":71,"column":50}},"20":{"start":{"line":73,"column":24},"end":{"line":73,"column":47}},"21":{"start":{"line":75,"column":20},"end":{"line":75,"column":59}},"22":{"start":{"line":76,"column":20},"end":{"line":76,"column":49}},"23":{"start":{"line":77,"column":20},"end":{"line":77,"column":38}},"24":{"start":{"line":78,"column":20},"end":{"line":85,"column":21}},"25":{"start":{"line":84,"column":24},"end":{"line":84,"column":61}},"26":{"start":{"line":86,"column":20},"end":{"line":86,"column":54}},"27":{"start":{"line":90,"column":16},"end":{"line":101,"column":17}},"28":{"start":{"line":91,"column":20},"end":{"line":91,"column":38}},"29":{"start":{"line":92,"column":20},"end":{"line":92,"column":54}},"30":{"start":{"line":93,"column":20},"end":{"line":100,"column":21}},"31":{"start":{"line":99,"column":24},"end":{"line":99,"column":62}},"32":{"start":{"line":105,"column":4},"end":{"line":107,"column":11}},"33":{"start":{"line":106,"column":8},"end":{"line":106,"column":18}},"34":{"start":{"line":109,"column":4},"end":{"line":114,"column":10}},"35":{"start":{"line":110,"column":8},"end":{"line":114,"column":10}},"36":{"start":{"line":116,"column":4},"end":{"line":155,"column":6}}},"fnMap":{"0":{"name":"(anonymous_0)","decl":{"start":{"line":22,"column":58},"end":{"line":22,"column":59}},"loc":{"start":{"line":22,"column":64},"end":{"line":22,"column":66}},"line":22},"1":{"name":"(anonymous_1)","decl":{"start":{"line":25,"column":13},"end":{"line":25,"column":14}},"loc":{"start":{"line":25,"column":19},"end":{"line":25,"column":21}},"line":25},"2":{"name":"App","decl":{"start":{"line":28,"column":9},"end":{"line":28,"column":12}},"loc":{"start":{"line":28,"column":15},"end":{"line":156,"column":1}},"line":28},"3":{"name":"(anonymous_3)","decl":{"start":{"line":37,"column":8},"end":{"line":37,"column":9}},"loc":{"start":{"line":37,"column":15},"end":{"line":43,"column":9}},"line":37},"4":{"name":"(anonymous_4)","decl":{"start":{"line":38,"column":29},"end":{"line":38,"column":30}},"loc":{"start":{"line":38,"column":35},"end":{"line":42,"column":13}},"line":38},"5":{"name":"(anonymous_5)","decl":{"start":{"line":39,"column":24},"end":{"line":39,"column":25}},"loc":{"start":{"line":40,"column":20},"end":{"line":40,"column":59}},"line":40},"6":{"name":"(anonymous_6)","decl":{"start":{"line":48,"column":8},"end":{"line":48,"column":9}},"loc":{"start":{"line":49,"column":12},"end":{"line":53,"column":14}},"line":49},"7":{"name":"(anonymous_7)","decl":{"start":{"line":60,"column":20},"end":{"line":60,"column":21}},"loc":{"start":{"line":60,"column":32},"end":{"line":103,"column":5}},"line":60},"8":{"name":"(anonymous_8)","decl":{"start":{"line":68,"column":18},"end":{"line":68,"column":19}},"loc":{"start":{"line":68,"column":32},"end":{"line":88,"column":13}},"line":68},"9":{"name":"(anonymous_9)","decl":{"start":{"line":89,"column":19},"end":{"line":89,"column":20}},"loc":{"start":{"line":89,"column":33},"end":{"line":102,"column":13}},"line":89},"10":{"name":"(anonymous_10)","decl":{"start":{"line":105,"column":14},"end":{"line":105,"column":15}},"loc":{"start":{"line":105,"column":20},"end":{"line":107,"column":5}},"line":105}},"branchMap":{"0":{"loc":{"start":{"line":34,"column":8},"end":{"line":34,"column":59}},"type":"binary-expr","locations":[{"start":{"line":34,"column":8},"end":{"line":34,"column":48}},{"start":{"line":34,"column":52},"end":{"line":34,"column":59}}],"line":34},"1":{"loc":{"start":{"line":40,"column":20},"end":{"line":40,"column":59}},"type":"cond-expr","locations":[{"start":{"line":40,"column":43},"end":{"line":40,"column":49}},{"start":{"line":40,"column":52},"end":{"line":40,"column":59}}],"line":40},"2":{"loc":{"start":{"line":69,"column":16},"end":{"line":87,"column":17}},"type":"if","locations":[{"start":{"line":69,"column":16},"end":{"line":87,"column":17}},{"start":{},"end":{}}],"line":69},"3":{"loc":{"start":{"line":70,"column":20},"end":{"line":74,"column":21}},"type":"if","locations":[{"start":{"line":70,"column":20},"end":{"line":74,"column":21}},{"start":{"line":72,"column":27},"end":{"line":74,"column":21}}],"line":70},"4":{"loc":{"start":{"line":78,"column":20},"end":{"line":85,"column":21}},"type":"if","locations":[{"start":{"line":78,"column":20},"end":{"line":85,"column":21}},{"start":{},"end":{}}],"line":78},"5":{"loc":{"start":{"line":79,"column":24},"end":{"line":82,"column":60}},"type":"binary-expr","locations":[{"start":{"line":79,"column":24},"end":{"line":79,"column":53}},{"start":{"line":80,"column":24},"end":{"line":80,"column":56}},{"start":{"line":81,"column":24},"end":{"line":81,"column":58}},{"start":{"line":82,"column":24},"end":{"line":82,"column":60}}],"line":79},"6":{"loc":{"start":{"line":90,"column":16},"end":{"line":101,"column":17}},"type":"if","locations":[{"start":{"line":90,"column":16},"end":{"line":101,"column":17}},{"start":{},"end":{}}],"line":90},"7":{"loc":{"start":{"line":93,"column":20},"end":{"line":100,"column":21}},"type":"if","locations":[{"start":{"line":93,"column":20},"end":{"line":100,"column":21}},{"start":{},"end":{}}],"line":93},"8":{"loc":{"start":{"line":94,"column":24},"end":{"line":97,"column":60}},"type":"binary-expr","locations":[{"start":{"line":94,"column":24},"end":{"line":94,"column":53}},{"start":{"line":95,"column":24},"end":{"line":95,"column":56}},{"start":{"line":96,"column":24},"end":{"line":96,"column":58}},{"start":{"line":97,"column":24},"end":{"line":97,"column":60}}],"line":94},"9":{"loc":{"start":{"line":109,"column":4},"end":{"line":114,"column":10}},"type":"if","locations":[{"start":{"line":109,"column":4},"end":{"line":114,"column":10}},{"start":{},"end":{}}],"line":109}},"s":{"0":0,"1":0,"2":0,"3":0,"4":0,"5":0,"6":0,"7":0,"8":0,"9":0,"10":0,"11":0,"12":0,"13":0,"14":0,"15":0,"16":0,"17":0,"18":0,"19":0,"20":0,"21":0,"22":0,"23":0,"24":0,"25":0,"26":0,"27":0,"28":0,"29":0,"30":0,"31":0,"32":0,"33":0,"34":0,"35":0,"36":0},"f":{"0":0,"1":0,"2":0,"3":0,"4":0,"5":0,"6":0,"7":0,"8":0,"9":0,"10":0},"b":{"0":[0,0],"1":[0,0],"2":[0,0],"3":[0,0],"4":[0,0],"5":[0,0,0,0],"6":[0,0],"7":[0,0],"8":[0,0,0,0],"9":[0,0]}}
,"C:\\laragon\\www\\InventorySystem\\resources\\js\\components\\CustomToolbar.jsx": {"path":"C:\\laragon\\www\\InventorySystem\\resources\\js\\components\\CustomToolbar.jsx","statementMap":{"0":{"start":{"line":11,"column":4},"end":{"line":21,"column":6}}},"fnMap":{"0":{"name":"CustomToolbar","decl":{"start":{"line":10,"column":9},"end":{"line":10,"column":22}},"loc":{"start":{"line":10,"column":25},"end":{"line":22,"column":1}},"line":10}},"branchMap":{},"s":{"0":2},"f":{"0":2},"b":{},"_coverageSchema":"1a1c01bbd47fc00a2c39e90264f33305004495a9","hash":"beb70bf08eadc1e528bd81f06593d90fd5ba82c4"}
,"C:\\laragon\\www\\InventorySystem\\resources\\js\\components\\Forgotpass.jsx": {"path":"C:\\laragon\\www\\InventorySystem\\resources\\js\\components\\Forgotpass.jsx","statementMap":{"0":{"start":{"line":19,"column":21},"end":{"line":19,"column":34}},"1":{"start":{"line":20,"column":21},"end":{"line":20,"column":34}},"2":{"start":{"line":21,"column":38},"end":{"line":21,"column":69}},"3":{"start":{"line":22,"column":18},"end":{"line":22,"column":28}},"4":{"start":{"line":23,"column":21},"end":{"line":23,"column":31}},"5":{"start":{"line":24,"column":26},"end":{"line":24,"column":36}},"6":{"start":{"line":25,"column":44},"end":{"line":25,"column":59}},"7":{"start":{"line":26,"column":32},"end":{"line":26,"column":44}},"8":{"start":{"line":27,"column":34},"end":{"line":27,"column":49}},"9":{"start":{"line":28,"column":36},"end":{"line":28,"column":72}},"10":{"start":{"line":28,"column":42},"end":{"line":28,"column":72}},"11":{"start":{"line":29,"column":36},"end":{"line":29,"column":72}},"12":{"start":{"line":29,"column":42},"end":{"line":29,"column":72}},"13":{"start":{"line":31,"column":22},"end":{"line":54,"column":5}},"14":{"start":{"line":32,"column":8},"end":{"line":32,"column":22}},"15":{"start":{"line":33,"column":8},"end":{"line":53,"column":15}},"16":{"start":{"line":41,"column":16},"end":{"line":46,"column":17}},"17":{"start":{"line":42,"column":20},"end":{"line":42,"column":47}},"18":{"start":{"line":44,"column":20},"end":{"line":44,"column":45}},"19":{"start":{"line":45,"column":20},"end":{"line":45,"column":38}},"20":{"start":{"line":49,"column":16},"end":{"line":52,"column":17}},"21":{"start":{"line":50,"column":20},"end":{"line":50,"column":54}},"22":{"start":{"line":51,"column":20},"end":{"line":51,"column":38}},"23":{"start":{"line":56,"column":26},"end":{"line":76,"column":5}},"24":{"start":{"line":57,"column":8},"end":{"line":57,"column":22}},"25":{"start":{"line":58,"column":8},"end":{"line":75,"column":15}},"26":{"start":{"line":68,"column":16},"end":{"line":68,"column":43}},"27":{"start":{"line":69,"column":16},"end":{"line":69,"column":54}},"28":{"start":{"line":72,"column":16},"end":{"line":74,"column":17}},"29":{"start":{"line":73,"column":20},"end":{"line":73,"column":54}},"30":{"start":{"line":78,"column":4},"end":{"line":82,"column":11}},"31":{"start":{"line":79,"column":8},"end":{"line":79,"column":65}},"32":{"start":{"line":80,"column":8},"end":{"line":80,"column":51}},"33":{"start":{"line":84,"column":4},"end":{"line":230,"column":6}},"34":{"start":{"line":179,"column":36},"end":{"line":179,"column":52}},"35":{"start":{"line":214,"column":44},"end":{"line":214,"column":56}},"36":{"start":{"line":215,"column":44},"end":{"line":215,"column":61}}},"fnMap":{"0":{"name":"Forgotpass","decl":{"start":{"line":18,"column":9},"end":{"line":18,"column":19}},"loc":{"start":{"line":18,"column":22},"end":{"line":231,"column":1}},"line":18},"1":{"name":"(anonymous_1)","decl":{"start":{"line":28,"column":36},"end":{"line":28,"column":37}},"loc":{"start":{"line":28,"column":42},"end":{"line":28,"column":72}},"line":28},"2":{"name":"(anonymous_2)","decl":{"start":{"line":29,"column":36},"end":{"line":29,"column":37}},"loc":{"start":{"line":29,"column":42},"end":{"line":29,"column":72}},"line":29},"3":{"name":"(anonymous_3)","decl":{"start":{"line":31,"column":22},"end":{"line":31,"column":23}},"loc":{"start":{"line":31,"column":34},"end":{"line":54,"column":5}},"line":31},"4":{"name":"(anonymous_4)","decl":{"start":{"line":40,"column":18},"end":{"line":40,"column":19}},"loc":{"start":{"line":40,"column":32},"end":{"line":47,"column":13}},"line":40},"5":{"name":"(anonymous_5)","decl":{"start":{"line":48,"column":19},"end":{"line":48,"column":20}},"loc":{"start":{"line":48,"column":33},"end":{"line":53,"column":13}},"line":48},"6":{"name":"(anonymous_6)","decl":{"start":{"line":56,"column":26},"end":{"line":56,"column":27}},"loc":{"start":{"line":56,"column":38},"end":{"line":76,"column":5}},"line":56},"7":{"name":"(anonymous_7)","decl":{"start":{"line":67,"column":18},"end":{"line":67,"column":19}},"loc":{"start":{"line":67,"column":32},"end":{"line":70,"column":13}},"line":67},"8":{"name":"(anonymous_8)","decl":{"start":{"line":71,"column":19},"end":{"line":71,"column":20}},"loc":{"start":{"line":71,"column":33},"end":{"line":75,"column":13}},"line":71},"9":{"name":"(anonymous_9)","decl":{"start":{"line":78,"column":14},"end":{"line":78,"column":15}},"loc":{"start":{"line":78,"column":20},"end":{"line":82,"column":5}},"line":78},"10":{"name":"(anonymous_10)","decl":{"start":{"line":178,"column":41},"end":{"line":178,"column":42}},"loc":{"start":{"line":178,"column":47},"end":{"line":180,"column":33}},"line":178},"11":{"name":"(anonymous_11)","decl":{"start":{"line":213,"column":49},"end":{"line":213,"column":50}},"loc":{"start":{"line":213,"column":55},"end":{"line":216,"column":41}},"line":213}},"branchMap":{"0":{"loc":{"start":{"line":41,"column":16},"end":{"line":46,"column":17}},"type":"if","locations":[{"start":{"line":41,"column":16},"end":{"line":46,"column":17}},{"start":{},"end":{}}],"line":41},"1":{"loc":{"start":{"line":49,"column":16},"end":{"line":52,"column":17}},"type":"if","locations":[{"start":{"line":49,"column":16},"end":{"line":52,"column":17}},{"start":{},"end":{}}],"line":49},"2":{"loc":{"start":{"line":72,"column":16},"end":{"line":74,"column":17}},"type":"if","locations":[{"start":{"line":72,"column":16},"end":{"line":74,"column":17}},{"start":{},"end":{}}],"line":72},"3":{"loc":{"start":{"line":103,"column":17},"end":{"line":227,"column":17}},"type":"cond-expr","locations":[{"start":{"line":104,"column":20},"end":{"line":185,"column":23}},{"start":{"line":187,"column":20},"end":{"line":226,"column":23}}],"line":103},"4":{"loc":{"start":{"line":109,"column":38},"end":{"line":109,"column":72}},"type":"cond-expr","locations":[{"start":{"line":109,"column":53},"end":{"line":109,"column":59}},{"start":{"line":109,"column":62},"end":{"line":109,"column":72}}],"line":109},"5":{"loc":{"start":{"line":125,"column":49},"end":{"line":129,"column":49}},"type":"cond-expr","locations":[{"start":{"line":126,"column":52},"end":{"line":126,"column":66}},{"start":{"line":128,"column":52},"end":{"line":128,"column":69}}],"line":125},"6":{"loc":{"start":{"line":140,"column":38},"end":{"line":140,"column":72}},"type":"cond-expr","locations":[{"start":{"line":140,"column":53},"end":{"line":140,"column":59}},{"start":{"line":140,"column":62},"end":{"line":140,"column":72}}],"line":140},"7":{"loc":{"start":{"line":156,"column":49},"end":{"line":160,"column":49}},"type":"cond-expr","locations":[{"start":{"line":157,"column":52},"end":{"line":157,"column":66}},{"start":{"line":159,"column":52},"end":{"line":159,"column":69}}],"line":156},"8":{"loc":{"start":{"line":167,"column":25},"end":{"line":173,"column":25}},"type":"cond-expr","locations":[{"start":{"line":168,"column":28},"end":{"line":170,"column":36}},{"start":{"line":172,"column":28},"end":{"line":172,"column":41}}],"line":167},"9":{"loc":{"start":{"line":189,"column":29},"end":{"line":203,"column":29}},"type":"cond-expr","locations":[{"start":{"line":190,"column":32},"end":{"line":192,"column":40}},{"start":{"line":194,"column":32},"end":{"line":202,"column":34}}],"line":189},"10":{"loc":{"start":{"line":206,"column":29},"end":{"line":224,"column":29}},"type":"cond-expr","locations":[{"start":{"line":207,"column":32},"end":{"line":207,"column":52}},{"start":{"line":209,"column":32},"end":{"line":223,"column":35}}],"line":206}},"s":{"0":0,"1":0,"2":0,"3":0,"4":0,"5":0,"6":0,"7":0,"8":0,"9":0,"10":0,"11":0,"12":0,"13":0,"14":0,"15":0,"16":0,"17":0,"18":0,"19":0,"20":0,"21":0,"22":0,"23":0,"24":0,"25":0,"26":0,"27":0,"28":0,"29":0,"30":0,"31":0,"32":0,"33":0,"34":0,"35":0,"36":0},"f":{"0":0,"1":0,"2":0,"3":0,"4":0,"5":0,"6":0,"7":0,"8":0,"9":0,"10":0,"11":0},"b":{"0":[0,0],"1":[0,0],"2":[0,0],"3":[0,0],"4":[0,0],"5":[0,0],"6":[0,0],"7":[0,0],"8":[0,0],"9":[0,0],"10":[0,0]}}
,"C:\\laragon\\www\\InventorySystem\\resources\\js\\components\\Home.jsx": {"path":"C:\\laragon\\www\\InventorySystem\\resources\\js\\components\\Home.jsx","statementMap":{"0":{"start":{"line":58,"column":21},"end":{"line":58,"column":44}},"1":{"start":{"line":59,"column":21},"end":{"line":59,"column":34}},"2":{"start":{"line":60,"column":17},"end":{"line":60,"column":27}},"3":{"start":{"line":61,"column":21},"end":{"line":61,"column":31}},"4":{"start":{"line":62,"column":20},"end":{"line":62,"column":30}},"5":{"start":{"line":63,"column":18},"end":{"line":63,"column":28}},"6":{"start":{"line":64,"column":17},"end":{"line":64,"column":27}},"7":{"start":{"line":65,"column":18},"end":{"line":65,"column":28}},"8":{"start":{"line":66,"column":42},"end":{"line":66,"column":54}},"9":{"start":{"line":67,"column":36},"end":{"line":67,"column":48}},"10":{"start":{"line":68,"column":38},"end":{"line":68,"column":50}},"11":{"start":{"line":69,"column":28},"end":{"line":69,"column":40}},"12":{"start":{"line":70,"column":32},"end":{"line":70,"column":44}},"13":{"start":{"line":71,"column":34},"end":{"line":71,"column":64}},"14":{"start":{"line":72,"column":28},"end":{"line":72,"column":40}},"15":{"start":{"line":73,"column":34},"end":{"line":73,"column":49}},"16":{"start":{"line":74,"column":40},"end":{"line":74,"column":55}},"17":{"start":{"line":75,"column":40},"end":{"line":75,"column":55}},"18":{"start":{"line":76,"column":19},"end":{"line":76,"column":39}},"19":{"start":{"line":78,"column":20},"end":{"line":96,"column":5}},"20":{"start":{"line":79,"column":8},"end":{"line":95,"column":15}},"21":{"start":{"line":90,"column":16},"end":{"line":94,"column":17}},"22":{"start":{"line":91,"column":20},"end":{"line":91,"column":43}},"23":{"start":{"line":92,"column":20},"end":{"line":92,"column":47}},"24":{"start":{"line":93,"column":20},"end":{"line":93,"column":38}},"25":{"start":{"line":98,"column":21},"end":{"line":106,"column":5}},"26":{"start":{"line":99,"column":8},"end":{"line":105,"column":15}},"27":{"start":{"line":102,"column":16},"end":{"line":104,"column":17}},"28":{"start":{"line":103,"column":20},"end":{"line":103,"column":48}},"29":{"start":{"line":108,"column":23},"end":{"line":153,"column":5}},"30":{"start":{"line":109,"column":8},"end":{"line":152,"column":15}},"31":{"start":{"line":127,"column":16},"end":{"line":138,"column":17}},"32":{"start":{"line":128,"column":20},"end":{"line":128,"column":44}},"33":{"start":{"line":129,"column":20},"end":{"line":129,"column":48}},"34":{"start":{"line":130,"column":20},"end":{"line":130,"column":32}},"35":{"start":{"line":131,"column":20},"end":{"line":131,"column":47}},"36":{"start":{"line":132,"column":20},"end":{"line":132,"column":45}},"37":{"start":{"line":133,"column":20},"end":{"line":133,"column":44}},"38":{"start":{"line":134,"column":20},"end":{"line":134,"column":43}},"39":{"start":{"line":135,"column":20},"end":{"line":135,"column":45}},"40":{"start":{"line":136,"column":20},"end":{"line":136,"column":62}},"41":{"start":{"line":141,"column":16},"end":{"line":151,"column":17}},"42":{"start":{"line":142,"column":20},"end":{"line":142,"column":54}},"43":{"start":{"line":143,"column":20},"end":{"line":143,"column":56}},"44":{"start":{"line":145,"column":20},"end":{"line":145,"column":44}},"45":{"start":{"line":146,"column":20},"end":{"line":146,"column":48}},"46":{"start":{"line":147,"column":20},"end":{"line":147,"column":32}},"47":{"start":{"line":148,"column":20},"end":{"line":148,"column":47}},"48":{"start":{"line":149,"column":20},"end":{"line":149,"column":45}},"49":{"start":{"line":150,"column":20},"end":{"line":150,"column":44}},"50":{"start":{"line":155,"column":19},"end":{"line":184,"column":5}},"51":{"start":{"line":156,"column":8},"end":{"line":156,"column":25}},"52":{"start":{"line":157,"column":8},"end":{"line":157,"column":22}},"53":{"start":{"line":158,"column":8},"end":{"line":183,"column":15}},"54":{"start":{"line":172,"column":16},"end":{"line":176,"column":17}},"55":{"start":{"line":173,"column":20},"end":{"line":173,"column":47}},"56":{"start":{"line":174,"column":20},"end":{"line":174,"column":45}},"57":{"start":{"line":175,"column":20},"end":{"line":175,"column":38}},"58":{"start":{"line":179,"column":16},"end":{"line":182,"column":17}},"59":{"start":{"line":180,"column":20},"end":{"line":180,"column":54}},"60":{"start":{"line":181,"column":20},"end":{"line":181,"column":38}},"61":{"start":{"line":186,"column":25},"end":{"line":188,"column":5}},"62":{"start":{"line":187,"column":8},"end":{"line":187,"column":32}},"63":{"start":{"line":190,"column":4},"end":{"line":193,"column":11}},"64":{"start":{"line":191,"column":8},"end":{"line":191,"column":54}},"65":{"start":{"line":192,"column":8},"end":{"line":192,"column":19}},"66":{"start":{"line":195,"column":4},"end":{"line":530,"column":6}},"67":{"start":{"line":263,"column":36},"end":{"line":263,"column":56}},"68":{"start":{"line":293,"column":36},"end":{"line":293,"column":56}},"69":{"start":{"line":309,"column":24},"end":{"line":309,"column":45}},"70":{"start":{"line":310,"column":24},"end":{"line":310,"column":36}},"71":{"start":{"line":311,"column":24},"end":{"line":311,"column":38}},"72":{"start":{"line":365,"column":52},"end":{"line":370,"column":63}},"73":{"start":{"line":417,"column":52},"end":{"line":417,"column":79}},"74":{"start":{"line":418,"column":52},"end":{"line":420,"column":54}},"75":{"start":{"line":447,"column":32},"end":{"line":447,"column":45}},"76":{"start":{"line":456,"column":32},"end":{"line":456,"column":53}},"77":{"start":{"line":457,"column":32},"end":{"line":457,"column":44}},"78":{"start":{"line":458,"column":32},"end":{"line":458,"column":46}},"79":{"start":{"line":471,"column":24},"end":{"line":471,"column":38}},"80":{"start":{"line":472,"column":24},"end":{"line":474,"column":51}},"81":{"start":{"line":509,"column":40},"end":{"line":509,"column":49}},"82":{"start":{"line":518,"column":40},"end":{"line":518,"column":61}},"83":{"start":{"line":519,"column":40},"end":{"line":519,"column":54}}},"fnMap":{"0":{"name":"Home","decl":{"start":{"line":57,"column":9},"end":{"line":57,"column":13}},"loc":{"start":{"line":57,"column":16},"end":{"line":531,"column":1}},"line":57},"1":{"name":"(anonymous_1)","decl":{"start":{"line":78,"column":20},"end":{"line":78,"column":21}},"loc":{"start":{"line":78,"column":32},"end":{"line":96,"column":5}},"line":78},"2":{"name":"(anonymous_2)","decl":{"start":{"line":89,"column":18},"end":{"line":89,"column":19}},"loc":{"start":{"line":89,"column":32},"end":{"line":95,"column":13}},"line":89},"3":{"name":"(anonymous_3)","decl":{"start":{"line":98,"column":21},"end":{"line":98,"column":22}},"loc":{"start":{"line":98,"column":33},"end":{"line":106,"column":5}},"line":98},"4":{"name":"(anonymous_4)","decl":{"start":{"line":101,"column":18},"end":{"line":101,"column":19}},"loc":{"start":{"line":101,"column":32},"end":{"line":105,"column":13}},"line":101},"5":{"name":"(anonymous_5)","decl":{"start":{"line":108,"column":23},"end":{"line":108,"column":24}},"loc":{"start":{"line":108,"column":35},"end":{"line":153,"column":5}},"line":108},"6":{"name":"(anonymous_6)","decl":{"start":{"line":126,"column":18},"end":{"line":126,"column":19}},"loc":{"start":{"line":126,"column":32},"end":{"line":139,"column":13}},"line":126},"7":{"name":"(anonymous_7)","decl":{"start":{"line":140,"column":19},"end":{"line":140,"column":20}},"loc":{"start":{"line":140,"column":33},"end":{"line":152,"column":13}},"line":140},"8":{"name":"(anonymous_8)","decl":{"start":{"line":155,"column":19},"end":{"line":155,"column":20}},"loc":{"start":{"line":155,"column":31},"end":{"line":184,"column":5}},"line":155},"9":{"name":"(anonymous_9)","decl":{"start":{"line":171,"column":18},"end":{"line":171,"column":19}},"loc":{"start":{"line":171,"column":32},"end":{"line":177,"column":13}},"line":171},"10":{"name":"(anonymous_10)","decl":{"start":{"line":178,"column":19},"end":{"line":178,"column":20}},"loc":{"start":{"line":178,"column":33},"end":{"line":183,"column":13}},"line":178},"11":{"name":"(anonymous_11)","decl":{"start":{"line":186,"column":25},"end":{"line":186,"column":26}},"loc":{"start":{"line":186,"column":32},"end":{"line":188,"column":5}},"line":186},"12":{"name":"(anonymous_12)","decl":{"start":{"line":190,"column":14},"end":{"line":190,"column":15}},"loc":{"start":{"line":190,"column":20},"end":{"line":193,"column":5}},"line":190},"13":{"name":"(anonymous_13)","decl":{"start":{"line":262,"column":41},"end":{"line":262,"column":42}},"loc":{"start":{"line":262,"column":47},"end":{"line":264,"column":33}},"line":262},"14":{"name":"(anonymous_14)","decl":{"start":{"line":292,"column":41},"end":{"line":292,"column":42}},"loc":{"start":{"line":292,"column":47},"end":{"line":294,"column":33}},"line":292},"15":{"name":"(anonymous_15)","decl":{"start":{"line":308,"column":29},"end":{"line":308,"column":30}},"loc":{"start":{"line":308,"column":36},"end":{"line":312,"column":21}},"line":308},"16":{"name":"(anonymous_16)","decl":{"start":{"line":364,"column":63},"end":{"line":364,"column":64}},"loc":{"start":{"line":365,"column":52},"end":{"line":370,"column":63}},"line":365},"17":{"name":"(anonymous_17)","decl":{"start":{"line":416,"column":57},"end":{"line":416,"column":58}},"loc":{"start":{"line":416,"column":63},"end":{"line":421,"column":49}},"line":416},"18":{"name":"(anonymous_18)","decl":{"start":{"line":446,"column":37},"end":{"line":446,"column":38}},"loc":{"start":{"line":446,"column":43},"end":{"line":448,"column":29}},"line":446},"19":{"name":"(anonymous_19)","decl":{"start":{"line":455,"column":37},"end":{"line":455,"column":38}},"loc":{"start":{"line":455,"column":43},"end":{"line":459,"column":29}},"line":455},"20":{"name":"(anonymous_20)","decl":{"start":{"line":470,"column":29},"end":{"line":470,"column":30}},"loc":{"start":{"line":470,"column":36},"end":{"line":475,"column":21}},"line":470},"21":{"name":"(anonymous_21)","decl":{"start":{"line":508,"column":45},"end":{"line":508,"column":46}},"loc":{"start":{"line":508,"column":51},"end":{"line":510,"column":37}},"line":508},"22":{"name":"(anonymous_22)","decl":{"start":{"line":517,"column":45},"end":{"line":517,"column":46}},"loc":{"start":{"line":517,"column":51},"end":{"line":520,"column":37}},"line":517}},"branchMap":{"0":{"loc":{"start":{"line":90,"column":16},"end":{"line":94,"column":17}},"type":"if","locations":[{"start":{"line":90,"column":16},"end":{"line":94,"column":17}},{"start":{},"end":{}}],"line":90},"1":{"loc":{"start":{"line":102,"column":16},"end":{"line":104,"column":17}},"type":"if","locations":[{"start":{"line":102,"column":16},"end":{"line":104,"column":17}},{"start":{},"end":{}}],"line":102},"2":{"loc":{"start":{"line":127,"column":16},"end":{"line":138,"column":17}},"type":"if","locations":[{"start":{"line":127,"column":16},"end":{"line":138,"column":17}},{"start":{},"end":{}}],"line":127},"3":{"loc":{"start":{"line":141,"column":16},"end":{"line":151,"column":17}},"type":"if","locations":[{"start":{"line":141,"column":16},"end":{"line":151,"column":17}},{"start":{"line":144,"column":23},"end":{"line":151,"column":17}}],"line":141},"4":{"loc":{"start":{"line":172,"column":16},"end":{"line":176,"column":17}},"type":"if","locations":[{"start":{"line":172,"column":16},"end":{"line":176,"column":17}},{"start":{},"end":{}}],"line":172},"5":{"loc":{"start":{"line":179,"column":16},"end":{"line":182,"column":17}},"type":"if","locations":[{"start":{"line":179,"column":16},"end":{"line":182,"column":17}},{"start":{},"end":{}}],"line":179},"6":{"loc":{"start":{"line":197,"column":13},"end":{"line":301,"column":13}},"type":"cond-expr","locations":[{"start":{"line":198,"column":16},"end":{"line":198,"column":28}},{"start":{"line":200,"column":16},"end":{"line":300,"column":19}}],"line":197},"7":{"loc":{"start":{"line":303,"column":13},"end":{"line":465,"column":13}},"type":"binary-expr","locations":[{"start":{"line":303,"column":13},"end":{"line":303,"column":23}},{"start":{"line":304,"column":16},"end":{"line":464,"column":25}}],"line":303},"8":{"loc":{"start":{"line":431,"column":48},"end":{"line":434,"column":82}},"type":"cond-expr","locations":[{"start":{"line":433,"column":54},"end":{"line":433,"column":63}},{"start":{"line":434,"column":54},"end":{"line":434,"column":82}}],"line":431},"9":{"loc":{"start":{"line":467,"column":13},"end":{"line":528,"column":13}},"type":"binary-expr","locations":[{"start":{"line":467,"column":13},"end":{"line":467,"column":23}},{"start":{"line":468,"column":16},"end":{"line":527,"column":25}}],"line":467},"10":{"loc":{"start":{"line":472,"column":24},"end":{"line":474,"column":50}},"type":"cond-expr","locations":[{"start":{"line":473,"column":30},"end":{"line":473,"column":55}},{"start":{"line":474,"column":30},"end":{"line":474,"column":50}}],"line":472},"11":{"loc":{"start":{"line":495,"column":25},"end":{"line":499,"column":25}},"type":"cond-expr","locations":[{"start":{"line":496,"column":28},"end":{"line":496,"column":78}},{"start":{"line":498,"column":28},"end":{"line":498,"column":41}}],"line":495},"12":{"loc":{"start":{"line":502,"column":25},"end":{"line":525,"column":25}},"type":"cond-expr","locations":[{"start":{"line":503,"column":28},"end":{"line":503,"column":48}},{"start":{"line":505,"column":28},"end":{"line":524,"column":31}}],"line":502}},"s":{"0":0,"1":0,"2":0,"3":0,"4":0,"5":0,"6":0,"7":0,"8":0,"9":0,"10":0,"11":0,"12":0,"13":0,"14":0,"15":0,"16":0,"17":0,"18":0,"19":0,"20":0,"21":0,"22":0,"23":0,"24":0,"25":0,"26":0,"27":0,"28":0,"29":0,"30":0,"31":0,"32":0,"33":0,"34":0,"35":0,"36":0,"37":0,"38":0,"39":0,"40":0,"41":0,"42":0,"43":0,"44":0,"45":0,"46":0,"47":0,"48":0,"49":0,"50":0,"51":0,"52":0,"53":0,"54":0,"55":0,"56":0,"57":0,"58":0,"59":0,"60":0,"61":0,"62":0,"63":0,"64":0,"65":0,"66":0,"67":0,"68":0,"69":0,"70":0,"71":0,"72":0,"73":0,"74":0,"75":0,"76":0,"77":0,"78":0,"79":0,"80":0,"81":0,"82":0,"83":0},"f":{"0":0,"1":0,"2":0,"3":0,"4":0,"5":0,"6":0,"7":0,"8":0,"9":0,"10":0,"11":0,"12":0,"13":0,"14":0,"15":0,"16":0,"17":0,"18":0,"19":0,"20":0,"21":0,"22":0},"b":{"0":[0,0],"1":[0,0],"2":[0,0],"3":[0,0],"4":[0,0],"5":[0,0],"6":[0,0],"7":[0,0],"8":[0,0],"9":[0,0],"10":[0,0],"11":[0,0],"12":[0,0]}}
,"C:\\laragon\\www\\InventorySystem\\resources\\js\\components\\Log.jsx": {"path":"C:\\laragon\\www\\InventorySystem\\resources\\js\\components\\Log.jsx","statementMap":{"0":{"start":{"line":27,"column":21},"end":{"line":27,"column":44}},"1":{"start":{"line":28,"column":28},"end":{"line":28,"column":40}},"2":{"start":{"line":29,"column":34},"end":{"line":29,"column":48}},"3":{"start":{"line":30,"column":32},"end":{"line":30,"column":44}},"4":{"start":{"line":31,"column":30},"end":{"line":31,"column":42}},"5":{"start":{"line":32,"column":30},"end":{"line":32,"column":42}},"6":{"start":{"line":33,"column":40},"end":{"line":33,"column":52}},"7":{"start":{"line":34,"column":46},"end":{"line":34,"column":60}},"8":{"start":{"line":35,"column":30},"end":{"line":35,"column":45}},"9":{"start":{"line":36,"column":36},"end":{"line":36,"column":48}},"10":{"start":{"line":37,"column":19},"end":{"line":37,"column":39}},"11":{"start":{"line":39,"column":20},"end":{"line":64,"column":5}},"12":{"start":{"line":40,"column":30},"end":{"line":42,"column":10}},"13":{"start":{"line":43,"column":8},"end":{"line":63,"column":15}},"14":{"start":{"line":56,"column":16},"end":{"line":62,"column":17}},"15":{"start":{"line":58,"column":20},"end":{"line":58,"column":49}},"16":{"start":{"line":59,"column":20},"end":{"line":59,"column":48}},"17":{"start":{"line":60,"column":20},"end":{"line":60,"column":38}},"18":{"start":{"line":61,"column":20},"end":{"line":61,"column":44}},"19":{"start":{"line":66,"column":4},"end":{"line":68,"column":31}},"20":{"start":{"line":67,"column":8},"end":{"line":67,"column":51}},"21":{"start":{"line":70,"column":20},"end":{"line":103,"column":5}},"22":{"start":{"line":81,"column":16},"end":{"line":95,"column":18}},"23":{"start":{"line":105,"column":4},"end":{"line":215,"column":6}},"24":{"start":{"line":116,"column":32},"end":{"line":116,"column":44}},"25":{"start":{"line":125,"column":46},"end":{"line":125,"column":56}},"26":{"start":{"line":126,"column":32},"end":{"line":130,"column":33}},"27":{"start":{"line":127,"column":36},"end":{"line":127,"column":55}},"28":{"start":{"line":128,"column":36},"end":{"line":128,"column":51}},"29":{"start":{"line":136,"column":32},"end":{"line":148,"column":33}},"30":{"start":{"line":137,"column":36},"end":{"line":141,"column":38}},"31":{"start":{"line":143,"column":36},"end":{"line":147,"column":38}},"32":{"start":{"line":149,"column":32},"end":{"line":149,"column":55}},"33":{"start":{"line":159,"column":32},"end":{"line":167,"column":33}},"34":{"start":{"line":160,"column":36},"end":{"line":164,"column":38}},"35":{"start":{"line":166,"column":36},"end":{"line":166,"column":50}},"36":{"start":{"line":168,"column":32},"end":{"line":168,"column":55}},"37":{"start":{"line":172,"column":32},"end":{"line":178,"column":33}},"38":{"start":{"line":173,"column":36},"end":{"line":173,"column":56}},"39":{"start":{"line":174,"column":36},"end":{"line":174,"column":57}},"40":{"start":{"line":176,"column":36},"end":{"line":176,"column":49}},"41":{"start":{"line":177,"column":36},"end":{"line":177,"column":49}},"42":{"start":{"line":179,"column":32},"end":{"line":179,"column":55}},"43":{"start":{"line":190,"column":24},"end":{"line":190,"column":40}},"44":{"start":{"line":191,"column":24},"end":{"line":191,"column":42}},"45":{"start":{"line":205,"column":32},"end":{"line":205,"column":48}},"46":{"start":{"line":206,"column":32},"end":{"line":206,"column":50}}},"fnMap":{"0":{"name":"Log","decl":{"start":{"line":26,"column":9},"end":{"line":26,"column":12}},"loc":{"start":{"line":26,"column":15},"end":{"line":216,"column":1}},"line":26},"1":{"name":"(anonymous_1)","decl":{"start":{"line":39,"column":20},"end":{"line":39,"column":21}},"loc":{"start":{"line":39,"column":29},"end":{"line":64,"column":5}},"line":39},"2":{"name":"(anonymous_2)","decl":{"start":{"line":55,"column":18},"end":{"line":55,"column":19}},"loc":{"start":{"line":55,"column":32},"end":{"line":63,"column":13}},"line":55},"3":{"name":"(anonymous_3)","decl":{"start":{"line":66,"column":14},"end":{"line":66,"column":15}},"loc":{"start":{"line":66,"column":20},"end":{"line":68,"column":5}},"line":66},"4":{"name":"(anonymous_4)","decl":{"start":{"line":80,"column":24},"end":{"line":80,"column":25}},"loc":{"start":{"line":80,"column":36},"end":{"line":96,"column":13}},"line":80},"5":{"name":"(anonymous_5)","decl":{"start":{"line":115,"column":43},"end":{"line":115,"column":44}},"loc":{"start":{"line":115,"column":53},"end":{"line":117,"column":29}},"line":115},"6":{"name":"(anonymous_6)","decl":{"start":{"line":124,"column":41},"end":{"line":124,"column":42}},"loc":{"start":{"line":124,"column":48},"end":{"line":131,"column":29}},"line":124},"7":{"name":"(anonymous_7)","decl":{"start":{"line":135,"column":42},"end":{"line":135,"column":43}},"loc":{"start":{"line":135,"column":49},"end":{"line":150,"column":29}},"line":135},"8":{"name":"(anonymous_8)","decl":{"start":{"line":158,"column":49},"end":{"line":158,"column":50}},"loc":{"start":{"line":158,"column":56},"end":{"line":169,"column":29}},"line":158},"9":{"name":"(anonymous_9)","decl":{"start":{"line":171,"column":47},"end":{"line":171,"column":48}},"loc":{"start":{"line":171,"column":54},"end":{"line":180,"column":29}},"line":171},"10":{"name":"(anonymous_10)","decl":{"start":{"line":189,"column":29},"end":{"line":189,"column":30}},"loc":{"start":{"line":189,"column":36},"end":{"line":192,"column":21}},"line":189},"11":{"name":"(anonymous_11)","decl":{"start":{"line":204,"column":37},"end":{"line":204,"column":38}},"loc":{"start":{"line":204,"column":43},"end":{"line":207,"column":29}},"line":204}},"branchMap":{"0":{"loc":{"start":{"line":56,"column":16},"end":{"line":62,"column":17}},"type":"if","locations":[{"start":{"line":56,"column":16},"end":{"line":62,"column":17}},{"start":{},"end":{}}],"line":56},"1":{"loc":{"start":{"line":107,"column":13},"end":{"line":184,"column":13}},"type":"cond-expr","locations":[{"start":{"line":108,"column":16},"end":{"line":110,"column":24}},{"start":{"line":112,"column":16},"end":{"line":183,"column":24}}],"line":107},"2":{"loc":{"start":{"line":126,"column":32},"end":{"line":130,"column":33}},"type":"if","locations":[{"start":{"line":126,"column":32},"end":{"line":130,"column":33}},{"start":{},"end":{}}],"line":126},"3":{"loc":{"start":{"line":136,"column":32},"end":{"line":148,"column":33}},"type":"if","locations":[{"start":{"line":136,"column":32},"end":{"line":148,"column":33}},{"start":{"line":142,"column":39},"end":{"line":148,"column":33}}],"line":136},"4":{"loc":{"start":{"line":159,"column":32},"end":{"line":167,"column":33}},"type":"if","locations":[{"start":{"line":159,"column":32},"end":{"line":167,"column":33}},{"start":{"line":165,"column":39},"end":{"line":167,"column":33}}],"line":159},"5":{"loc":{"start":{"line":172,"column":32},"end":{"line":178,"column":33}},"type":"if","locations":[{"start":{"line":172,"column":32},"end":{"line":178,"column":33}},{"start":{"line":175,"column":39},"end":{"line":178,"column":33}}],"line":172},"6":{"loc":{"start":{"line":186,"column":13},"end":{"line":213,"column":13}},"type":"binary-expr","locations":[{"start":{"line":186,"column":13},"end":{"line":186,"column":18}},{"start":{"line":187,"column":16},"end":{"line":212,"column":25}}],"line":186}},"s":{"0":0,"1":0,"2":0,"3":0,"4":0,"5":0,"6":0,"7":0,"8":0,"9":0,"10":0,"11":0,"12":0,"13":0,"14":0,"15":0,"16":0,"17":0,"18":0,"19":0,"20":0,"21":0,"22":0,"23":0,"24":0,"25":0,"26":0,"27":0,"28":0,"29":0,"30":0,"31":0,"32":0,"33":0,"34":0,"35":0,"36":0,"37":0,"38":0,"39":0,"40":0,"41":0,"42":0,"43":0,"44":0,"45":0,"46":0},"f":{"0":0,"1":0,"2":0,"3":0,"4":0,"5":0,"6":0,"7":0,"8":0,"9":0,"10":0,"11":0},"b":{"0":[0,0],"1":[0,0],"2":[0,0],"3":[0,0],"4":[0,0],"5":[0,0],"6":[0,0]}}
,"C:\\laragon\\www\\InventorySystem\\resources\\js\\components\\Login.jsx": {"path":"C:\\laragon\\www\\InventorySystem\\resources\\js\\components\\Login.jsx","statementMap":{"0":{"start":{"line":22,"column":18},"end":{"line":22,"column":28}},"1":{"start":{"line":23,"column":21},"end":{"line":23,"column":31}},"2":{"start":{"line":24,"column":28},"end":{"line":24,"column":43}},"3":{"start":{"line":25,"column":44},"end":{"line":25,"column":56}},"4":{"start":{"line":26,"column":36},"end":{"line":26,"column":53}},"5":{"start":{"line":27,"column":21},"end":{"line":27,"column":34}},"6":{"start":{"line":28,"column":32},"end":{"line":28,"column":44}},"7":{"start":{"line":29,"column":44},"end":{"line":29,"column":59}},"8":{"start":{"line":30,"column":36},"end":{"line":30,"column":72}},"9":{"start":{"line":30,"column":42},"end":{"line":30,"column":72}},"10":{"start":{"line":31,"column":36},"end":{"line":31,"column":72}},"11":{"start":{"line":31,"column":42},"end":{"line":31,"column":72}},"12":{"start":{"line":32,"column":24},"end":{"line":32,"column":47}},"13":{"start":{"line":34,"column":18},"end":{"line":81,"column":5}},"14":{"start":{"line":35,"column":8},"end":{"line":80,"column":15}},"15":{"start":{"line":41,"column":16},"end":{"line":58,"column":17}},"16":{"start":{"line":42,"column":20},"end":{"line":42,"column":45}},"17":{"start":{"line":43,"column":20},"end":{"line":43,"column":48}},"18":{"start":{"line":44,"column":20},"end":{"line":44,"column":62}},"19":{"start":{"line":45,"column":20},"end":{"line":45,"column":43}},"20":{"start":{"line":46,"column":20},"end":{"line":46,"column":34}},"21":{"start":{"line":47,"column":20},"end":{"line":47,"column":34}},"22":{"start":{"line":48,"column":20},"end":{"line":48,"column":71}},"23":{"start":{"line":49,"column":20},"end":{"line":49,"column":48}},"24":{"start":{"line":50,"column":20},"end":{"line":50,"column":52}},"25":{"start":{"line":51,"column":20},"end":{"line":55,"column":23}},"26":{"start":{"line":61,"column":16},"end":{"line":73,"column":17}},"27":{"start":{"line":65,"column":20},"end":{"line":65,"column":54}},"28":{"start":{"line":66,"column":20},"end":{"line":66,"column":56}},"29":{"start":{"line":68,"column":20},"end":{"line":68,"column":68}},"30":{"start":{"line":69,"column":20},"end":{"line":69,"column":41}},"31":{"start":{"line":70,"column":20},"end":{"line":70,"column":34}},"32":{"start":{"line":71,"column":20},"end":{"line":71,"column":34}},"33":{"start":{"line":72,"column":20},"end":{"line":72,"column":56}},"34":{"start":{"line":74,"column":16},"end":{"line":79,"column":17}},"35":{"start":{"line":75,"column":20},"end":{"line":75,"column":68}},"36":{"start":{"line":76,"column":20},"end":{"line":76,"column":41}},"37":{"start":{"line":77,"column":20},"end":{"line":77,"column":34}},"38":{"start":{"line":78,"column":20},"end":{"line":78,"column":34}},"39":{"start":{"line":83,"column":24},"end":{"line":89,"column":5}},"40":{"start":{"line":84,"column":8},"end":{"line":86,"column":9}},"41":{"start":{"line":85,"column":12},"end":{"line":85,"column":19}},"42":{"start":{"line":88,"column":8},"end":{"line":88,"column":23}},"43":{"start":{"line":91,"column":4},"end":{"line":93,"column":11}},"44":{"start":{"line":92,"column":8},"end":{"line":92,"column":60}},"45":{"start":{"line":95,"column":4},"end":{"line":176,"column":6}}},"fnMap":{"0":{"name":"Login","decl":{"start":{"line":21,"column":9},"end":{"line":21,"column":14}},"loc":{"start":{"line":21,"column":17},"end":{"line":177,"column":1}},"line":21},"1":{"name":"(anonymous_1)","decl":{"start":{"line":30,"column":36},"end":{"line":30,"column":37}},"loc":{"start":{"line":30,"column":42},"end":{"line":30,"column":72}},"line":30},"2":{"name":"(anonymous_2)","decl":{"start":{"line":31,"column":36},"end":{"line":31,"column":37}},"loc":{"start":{"line":31,"column":42},"end":{"line":31,"column":72}},"line":31},"3":{"name":"(anonymous_3)","decl":{"start":{"line":34,"column":18},"end":{"line":34,"column":19}},"loc":{"start":{"line":34,"column":30},"end":{"line":81,"column":5}},"line":34},"4":{"name":"(anonymous_4)","decl":{"start":{"line":40,"column":18},"end":{"line":40,"column":19}},"loc":{"start":{"line":40,"column":32},"end":{"line":59,"column":13}},"line":40},"5":{"name":"(anonymous_5)","decl":{"start":{"line":60,"column":19},"end":{"line":60,"column":20}},"loc":{"start":{"line":60,"column":33},"end":{"line":80,"column":13}},"line":60},"6":{"name":"(anonymous_6)","decl":{"start":{"line":83,"column":24},"end":{"line":83,"column":25}},"loc":{"start":{"line":83,"column":36},"end":{"line":89,"column":5}},"line":83},"7":{"name":"(anonymous_7)","decl":{"start":{"line":91,"column":14},"end":{"line":91,"column":15}},"loc":{"start":{"line":91,"column":20},"end":{"line":93,"column":5}},"line":91}},"branchMap":{"0":{"loc":{"start":{"line":41,"column":16},"end":{"line":58,"column":17}},"type":"if","locations":[{"start":{"line":41,"column":16},"end":{"line":58,"column":17}},{"start":{},"end":{}}],"line":41},"1":{"loc":{"start":{"line":61,"column":16},"end":{"line":73,"column":17}},"type":"if","locations":[{"start":{"line":61,"column":16},"end":{"line":73,"column":17}},{"start":{"line":67,"column":23},"end":{"line":73,"column":17}}],"line":61},"2":{"loc":{"start":{"line":62,"column":20},"end":{"line":63,"column":58}},"type":"binary-expr","locations":[{"start":{"line":62,"column":20},"end":{"line":62,"column":52}},{"start":{"line":63,"column":20},"end":{"line":63,"column":58}}],"line":62},"3":{"loc":{"start":{"line":74,"column":16},"end":{"line":79,"column":17}},"type":"if","locations":[{"start":{"line":74,"column":16},"end":{"line":79,"column":17}},{"start":{},"end":{}}],"line":74},"4":{"loc":{"start":{"line":84,"column":8},"end":{"line":86,"column":9}},"type":"if","locations":[{"start":{"line":84,"column":8},"end":{"line":86,"column":9}},{"start":{},"end":{}}],"line":84},"5":{"loc":{"start":{"line":128,"column":30},"end":{"line":128,"column":64}},"type":"cond-expr","locations":[{"start":{"line":128,"column":45},"end":{"line":128,"column":51}},{"start":{"line":128,"column":54},"end":{"line":128,"column":64}}],"line":128},"6":{"loc":{"start":{"line":140,"column":41},"end":{"line":144,"column":41}},"type":"cond-expr","locations":[{"start":{"line":141,"column":44},"end":{"line":141,"column":58}},{"start":{"line":143,"column":44},"end":{"line":143,"column":61}}],"line":140}},"s":{"0":0,"1":0,"2":0,"3":0,"4":0,"5":0,"6":0,"7":0,"8":0,"9":0,"10":0,"11":0,"12":0,"13":0,"14":0,"15":0,"16":0,"17":0,"18":0,"19":0,"20":0,"21":0,"22":0,"23":0,"24":0,"25":0,"26":0,"27":0,"28":0,"29":0,"30":0,"31":0,"32":0,"33":0,"34":0,"35":0,"36":0,"37":0,"38":0,"39":0,"40":0,"41":0,"42":0,"43":0,"44":0,"45":0},"f":{"0":0,"1":0,"2":0,"3":0,"4":0,"5":0,"6":0,"7":0},"b":{"0":[0,0],"1":[0,0],"2":[0,0],"3":[0,0],"4":[0,0],"5":[0,0],"6":[0,0]}}
,"C:\\laragon\\www\\InventorySystem\\resources\\js\\components\\Map.jsx": {"path":"C:\\laragon\\www\\InventorySystem\\resources\\js\\components\\Map.jsx","statementMap":{"0":{"start":{"line":24,"column":32},"end":{"line":24,"column":44}},"1":{"start":{"line":25,"column":34},"end":{"line":25,"column":48}},"2":{"start":{"line":26,"column":44},"end":{"line":26,"column":58}},"3":{"start":{"line":27,"column":38},"end":{"line":27,"column":49}},"4":{"start":{"line":28,"column":40},"end":{"line":28,"column":52}},"5":{"start":{"line":29,"column":36},"end":{"line":29,"column":47}},"6":{"start":{"line":31,"column":22},"end":{"line":44,"column":5}},"7":{"start":{"line":32,"column":8},"end":{"line":43,"column":15}},"8":{"start":{"line":37,"column":16},"end":{"line":42,"column":17}},"9":{"start":{"line":38,"column":20},"end":{"line":38,"column":48}},"10":{"start":{"line":39,"column":20},"end":{"line":39,"column":63}},"11":{"start":{"line":40,"column":20},"end":{"line":40,"column":38}},"12":{"start":{"line":41,"column":20},"end":{"line":41,"column":58}},"13":{"start":{"line":46,"column":12},"end":{"line":46,"column":13}},"14":{"start":{"line":47,"column":27},"end":{"line":68,"column":5}},"15":{"start":{"line":48,"column":8},"end":{"line":67,"column":15}},"16":{"start":{"line":53,"column":16},"end":{"line":66,"column":17}},"17":{"start":{"line":55,"column":20},"end":{"line":58,"column":23}},"18":{"start":{"line":55,"column":48},"end":{"line":58,"column":21}},"19":{"start":{"line":59,"column":20},"end":{"line":59,"column":54}},"20":{"start":{"line":60,"column":20},"end":{"line":60,"column":35}},"21":{"start":{"line":61,"column":20},"end":{"line":61,"column":24}},"22":{"start":{"line":62,"column":20},"end":{"line":62,"column":64}},"23":{"start":{"line":63,"column":20},"end":{"line":65,"column":21}},"24":{"start":{"line":64,"column":24},"end":{"line":64,"column":47}},"25":{"start":{"line":70,"column":4},"end":{"line":79,"column":11}},"26":{"start":{"line":71,"column":8},"end":{"line":71,"column":34}},"27":{"start":{"line":72,"column":8},"end":{"line":78,"column":9}},"28":{"start":{"line":73,"column":12},"end":{"line":75,"column":15}},"29":{"start":{"line":74,"column":16},"end":{"line":74,"column":72}},"30":{"start":{"line":77,"column":12},"end":{"line":77,"column":35}},"31":{"start":{"line":81,"column":4},"end":{"line":101,"column":10}},"32":{"start":{"line":82,"column":8},"end":{"line":101,"column":10}},"33":{"start":{"line":103,"column":4},"end":{"line":133,"column":10}},"34":{"start":{"line":104,"column":8},"end":{"line":133,"column":10}},"35":{"start":{"line":135,"column":22},"end":{"line":138,"column":5}},"36":{"start":{"line":139,"column":26},"end":{"line":139,"column":45}},"37":{"start":{"line":141,"column":4},"end":{"line":206,"column":6}},"38":{"start":{"line":159,"column":24},"end":{"line":159,"column":44}},"39":{"start":{"line":160,"column":24},"end":{"line":162,"column":25}},"40":{"start":{"line":161,"column":28},"end":{"line":161,"column":35}},"41":{"start":{"line":163,"column":24},"end":{"line":195,"column":26}}},"fnMap":{"0":{"name":"Map","decl":{"start":{"line":23,"column":9},"end":{"line":23,"column":12}},"loc":{"start":{"line":23,"column":20},"end":{"line":207,"column":1}},"line":23},"1":{"name":"(anonymous_1)","decl":{"start":{"line":31,"column":22},"end":{"line":31,"column":23}},"loc":{"start":{"line":31,"column":42},"end":{"line":44,"column":5}},"line":31},"2":{"name":"(anonymous_2)","decl":{"start":{"line":36,"column":18},"end":{"line":36,"column":19}},"loc":{"start":{"line":36,"column":32},"end":{"line":43,"column":13}},"line":36},"3":{"name":"(anonymous_3)","decl":{"start":{"line":47,"column":27},"end":{"line":47,"column":28}},"loc":{"start":{"line":47,"column":53},"end":{"line":68,"column":5}},"line":47},"4":{"name":"(anonymous_4)","decl":{"start":{"line":52,"column":18},"end":{"line":52,"column":19}},"loc":{"start":{"line":52,"column":32},"end":{"line":67,"column":13}},"line":52},"5":{"name":"(anonymous_5)","decl":{"start":{"line":55,"column":34},"end":{"line":55,"column":35}},"loc":{"start":{"line":55,"column":48},"end":{"line":58,"column":21}},"line":55},"6":{"name":"(anonymous_6)","decl":{"start":{"line":70,"column":14},"end":{"line":70,"column":15}},"loc":{"start":{"line":70,"column":20},"end":{"line":79,"column":5}},"line":70},"7":{"name":"(anonymous_7)","decl":{"start":{"line":73,"column":28},"end":{"line":73,"column":29}},"loc":{"start":{"line":73,"column":39},"end":{"line":75,"column":13}},"line":73},"8":{"name":"(anonymous_8)","decl":{"start":{"line":158,"column":35},"end":{"line":158,"column":36}},"loc":{"start":{"line":158,"column":47},"end":{"line":196,"column":21}},"line":158}},"branchMap":{"0":{"loc":{"start":{"line":37,"column":16},"end":{"line":42,"column":17}},"type":"if","locations":[{"start":{"line":37,"column":16},"end":{"line":42,"column":17}},{"start":{},"end":{}}],"line":37},"1":{"loc":{"start":{"line":53,"column":16},"end":{"line":66,"column":17}},"type":"if","locations":[{"start":{"line":53,"column":16},"end":{"line":66,"column":17}},{"start":{},"end":{}}],"line":53},"2":{"loc":{"start":{"line":63,"column":20},"end":{"line":65,"column":21}},"type":"if","locations":[{"start":{"line":63,"column":20},"end":{"line":65,"column":21}},{"start":{},"end":{}}],"line":63},"3":{"loc":{"start":{"line":72,"column":8},"end":{"line":78,"column":9}},"type":"if","locations":[{"start":{"line":72,"column":8},"end":{"line":78,"column":9}},{"start":{"line":76,"column":15},"end":{"line":78,"column":9}}],"line":72},"4":{"loc":{"start":{"line":81,"column":4},"end":{"line":101,"column":10}},"type":"if","locations":[{"start":{"line":81,"column":4},"end":{"line":101,"column":10}},{"start":{},"end":{}}],"line":81},"5":{"loc":{"start":{"line":81,"column":8},"end":{"line":81,"column":31}},"type":"binary-expr","locations":[{"start":{"line":81,"column":8},"end":{"line":81,"column":15}},{"start":{"line":81,"column":19},"end":{"line":81,"column":31}}],"line":81},"6":{"loc":{"start":{"line":84,"column":17},"end":{"line":99,"column":17}},"type":"cond-expr","locations":[{"start":{"line":85,"column":20},"end":{"line":90,"column":28}},{"start":{"line":92,"column":20},"end":{"line":98,"column":28}}],"line":84},"7":{"loc":{"start":{"line":103,"column":4},"end":{"line":133,"column":10}},"type":"if","locations":[{"start":{"line":103,"column":4},"end":{"line":133,"column":10}},{"start":{},"end":{}}],"line":103},"8":{"loc":{"start":{"line":157,"column":17},"end":{"line":196,"column":22}},"type":"binary-expr","locations":[{"start":{"line":157,"column":17},"end":{"line":157,"column":38}},{"start":{"line":158,"column":20},"end":{"line":196,"column":22}}],"line":157},"9":{"loc":{"start":{"line":160,"column":24},"end":{"line":162,"column":25}},"type":"if","locations":[{"start":{"line":160,"column":24},"end":{"line":162,"column":25}},{"start":{},"end":{}}],"line":160},"10":{"loc":{"start":{"line":200,"column":28},"end":{"line":200,"column":77}},"type":"cond-expr","locations":[{"start":{"line":200,"column":62},"end":{"line":200,"column":64}},{"start":{"line":200,"column":67},"end":{"line":200,"column":77}}],"line":200},"11":{"loc":{"start":{"line":200,"column":28},"end":{"line":200,"column":59}},"type":"binary-expr","locations":[{"start":{"line":200,"column":28},"end":{"line":200,"column":51}},{"start":{"line":200,"column":55},"end":{"line":200,"column":59}}],"line":200}},"s":{"0":0,"1":0,"2":0,"3":0,"4":0,"5":0,"6":0,"7":0,"8":0,"9":0,"10":0,"11":0,"12":0,"13":0,"14":0,"15":0,"16":0,"17":0,"18":0,"19":0,"20":0,"21":0,"22":0,"23":0,"24":0,"25":0,"26":0,"27":0,"28":0,"29":0,"30":0,"31":0,"32":0,"33":0,"34":0,"35":0,"36":0,"37":0,"38":0,"39":0,"40":0,"41":0},"f":{"0":0,"1":0,"2":0,"3":0,"4":0,"5":0,"6":0,"7":0,"8":0},"b":{"0":[0,0],"1":[0,0],"2":[0,0],"3":[0,0],"4":[0,0],"5":[0,0],"6":[0,0],"7":[0,0],"8":[0,0],"9":[0,0],"10":[0,0],"11":[0,0]}}
,"C:\\laragon\\www\\InventorySystem\\resources\\js\\components\\MyAvatar.jsx": {"path":"C:\\laragon\\www\\InventorySystem\\resources\\js\\components\\MyAvatar.jsx","statementMap":{"0":{"start":{"line":6,"column":21},"end":{"line":6,"column":44}},"1":{"start":{"line":8,"column":19},"end":{"line":8,"column":20}},"2":{"start":{"line":12,"column":8},"end":{"line":14,"column":9}},"3":{"start":{"line":13,"column":12},"end":{"line":13,"column":63}},"4":{"start":{"line":16,"column":20},"end":{"line":16,"column":23}},"5":{"start":{"line":18,"column":8},"end":{"line":21,"column":9}},"6":{"start":{"line":19,"column":26},"end":{"line":19,"column":50}},"7":{"start":{"line":20,"column":12},"end":{"line":20,"column":57}},"8":{"start":{"line":24,"column":8},"end":{"line":24,"column":21}},"9":{"start":{"line":28,"column":8},"end":{"line":37,"column":9}},"10":{"start":{"line":29,"column":12},"end":{"line":36,"column":14}},"11":{"start":{"line":38,"column":8},"end":{"line":45,"column":10}},"12":{"start":{"line":48,"column":4},"end":{"line":53,"column":6}}},"fnMap":{"0":{"name":"MyAvatar","decl":{"start":{"line":5,"column":9},"end":{"line":5,"column":17}},"loc":{"start":{"line":5,"column":25},"end":{"line":54,"column":1}},"line":5},"1":{"name":"stringToColor","decl":{"start":{"line":7,"column":13},"end":{"line":7,"column":26}},"loc":{"start":{"line":7,"column":35},"end":{"line":25,"column":5}},"line":7},"2":{"name":"stringAvatar","decl":{"start":{"line":27,"column":13},"end":{"line":27,"column":25}},"loc":{"start":{"line":27,"column":32},"end":{"line":46,"column":5}},"line":27}},"branchMap":{"0":{"loc":{"start":{"line":28,"column":8},"end":{"line":37,"column":9}},"type":"if","locations":[{"start":{"line":28,"column":8},"end":{"line":37,"column":9}},{"start":{},"end":{}}],"line":28}},"s":{"0":0,"1":0,"2":0,"3":0,"4":0,"5":0,"6":0,"7":0,"8":0,"9":0,"10":0,"11":0,"12":0},"f":{"0":0,"1":0,"2":0},"b":{"0":[0,0]}}
,"C:\\laragon\\www\\InventorySystem\\resources\\js\\components\\Navbar.jsx": {"path":"C:\\laragon\\www\\InventorySystem\\resources\\js\\components\\Navbar.jsx","statementMap":{"0":{"start":{"line":37,"column":21},"end":{"line":37,"column":44}},"1":{"start":{"line":38,"column":19},"end":{"line":38,"column":39}},"2":{"start":{"line":39,"column":34},"end":{"line":39,"column":49}},"3":{"start":{"line":40,"column":30},"end":{"line":40,"column":41}},"4":{"start":{"line":41,"column":36},"end":{"line":41,"column":50}},"5":{"start":{"line":42,"column":21},"end":{"line":42,"column":34}},"6":{"start":{"line":43,"column":17},"end":{"line":43,"column":34}},"7":{"start":{"line":44,"column":24},"end":{"line":46,"column":5}},"8":{"start":{"line":45,"column":8},"end":{"line":45,"column":41}},"9":{"start":{"line":47,"column":24},"end":{"line":49,"column":5}},"10":{"start":{"line":48,"column":8},"end":{"line":48,"column":26}},"11":{"start":{"line":71,"column":19},"end":{"line":89,"column":5}},"12":{"start":{"line":72,"column":8},"end":{"line":88,"column":15}},"13":{"start":{"line":83,"column":16},"end":{"line":83,"column":40}},"14":{"start":{"line":84,"column":16},"end":{"line":84,"column":54}},"15":{"start":{"line":87,"column":16},"end":{"line":87,"column":57}},"16":{"start":{"line":91,"column":4},"end":{"line":226,"column":6}},"17":{"start":{"line":99,"column":43},"end":{"line":99,"column":61}},"18":{"start":{"line":141,"column":32},"end":{"line":143,"column":34}},"19":{"start":{"line":144,"column":32},"end":{"line":151,"column":34}}},"fnMap":{"0":{"name":"Navbar","decl":{"start":{"line":36,"column":9},"end":{"line":36,"column":15}},"loc":{"start":{"line":36,"column":23},"end":{"line":227,"column":1}},"line":36},"1":{"name":"(anonymous_1)","decl":{"start":{"line":44,"column":24},"end":{"line":44,"column":25}},"loc":{"start":{"line":44,"column":35},"end":{"line":46,"column":5}},"line":44},"2":{"name":"(anonymous_2)","decl":{"start":{"line":47,"column":24},"end":{"line":47,"column":25}},"loc":{"start":{"line":47,"column":30},"end":{"line":49,"column":5}},"line":47},"3":{"name":"(anonymous_3)","decl":{"start":{"line":71,"column":19},"end":{"line":71,"column":20}},"loc":{"start":{"line":71,"column":31},"end":{"line":89,"column":5}},"line":71},"4":{"name":"(anonymous_4)","decl":{"start":{"line":82,"column":18},"end":{"line":82,"column":19}},"loc":{"start":{"line":82,"column":32},"end":{"line":85,"column":13}},"line":82},"5":{"name":"(anonymous_5)","decl":{"start":{"line":86,"column":19},"end":{"line":86,"column":20}},"loc":{"start":{"line":86,"column":33},"end":{"line":88,"column":13}},"line":86},"6":{"name":"(anonymous_6)","decl":{"start":{"line":99,"column":37},"end":{"line":99,"column":38}},"loc":{"start":{"line":99,"column":43},"end":{"line":99,"column":61}},"line":99},"7":{"name":"(anonymous_7)","decl":{"start":{"line":140,"column":37},"end":{"line":140,"column":38}},"loc":{"start":{"line":140,"column":43},"end":{"line":152,"column":29}},"line":140}},"branchMap":{"0":{"loc":{"start":{"line":125,"column":45},"end":{"line":125,"column":72}},"type":"cond-expr","locations":[{"start":{"line":125,"column":55},"end":{"line":125,"column":63}},{"start":{"line":125,"column":66},"end":{"line":125,"column":72}}],"line":125},"1":{"loc":{"start":{"line":142,"column":36},"end":{"line":142,"column":77}},"type":"cond-expr","locations":[{"start":{"line":142,"column":61},"end":{"line":142,"column":67}},{"start":{"line":142,"column":70},"end":{"line":142,"column":77}}],"line":142},"2":{"loc":{"start":{"line":147,"column":40},"end":{"line":149,"column":53}},"type":"cond-expr","locations":[{"start":{"line":148,"column":46},"end":{"line":148,"column":52}},{"start":{"line":149,"column":46},"end":{"line":149,"column":53}}],"line":147},"3":{"loc":{"start":{"line":154,"column":29},"end":{"line":158,"column":29}},"type":"cond-expr","locations":[{"start":{"line":155,"column":32},"end":{"line":155,"column":45}},{"start":{"line":157,"column":32},"end":{"line":157,"column":44}}],"line":154}},"s":{"0":0,"1":0,"2":0,"3":0,"4":0,"5":0,"6":0,"7":0,"8":0,"9":0,"10":0,"11":0,"12":0,"13":0,"14":0,"15":0,"16":0,"17":0,"18":0,"19":0},"f":{"0":0,"1":0,"2":0,"3":0,"4":0,"5":0,"6":0,"7":0},"b":{"0":[0,0],"1":[0,0],"2":[0,0],"3":[0,0]}}
,"C:\\laragon\\www\\InventorySystem\\resources\\js\\components\\Notfound.jsx": {"path":"C:\\laragon\\www\\InventorySystem\\resources\\js\\components\\Notfound.jsx","statementMap":{"0":{"start":{"line":8,"column":4},"end":{"line":10,"column":11}},"1":{"start":{"line":9,"column":8},"end":{"line":9,"column":54}},"2":{"start":{"line":12,"column":4},"end":{"line":38,"column":6}}},"fnMap":{"0":{"name":"Notfound","decl":{"start":{"line":7,"column":9},"end":{"line":7,"column":17}},"loc":{"start":{"line":7,"column":20},"end":{"line":39,"column":1}},"line":7},"1":{"name":"(anonymous_1)","decl":{"start":{"line":8,"column":14},"end":{"line":8,"column":15}},"loc":{"start":{"line":8,"column":20},"end":{"line":10,"column":5}},"line":8}},"branchMap":{},"s":{"0":0,"1":0,"2":0},"f":{"0":0,"1":0},"b":{}}
,"C:\\laragon\\www\\InventorySystem\\resources\\js\\components\\Products.jsx": {"path":"C:\\laragon\\www\\InventorySystem\\resources\\js\\components\\Products.jsx","statementMap":{"0":{"start":{"line":18,"column":36},"end":{"line":18,"column":48}},"1":{"start":{"line":19,"column":34},"end":{"line":19,"column":48}},"2":{"start":{"line":21,"column":24},"end":{"line":30,"column":5}},"3":{"start":{"line":22,"column":8},"end":{"line":29,"column":15}},"4":{"start":{"line":25,"column":16},"end":{"line":28,"column":17}},"5":{"start":{"line":26,"column":20},"end":{"line":26,"column":47}},"6":{"start":{"line":27,"column":20},"end":{"line":27,"column":38}},"7":{"start":{"line":32,"column":4},"end":{"line":34,"column":11}},"8":{"start":{"line":33,"column":8},"end":{"line":33,"column":22}},"9":{"start":{"line":36,"column":20},"end":{"line":58,"column":5}},"10":{"start":{"line":60,"column":4},"end":{"line":87,"column":6}},"11":{"start":{"line":69,"column":58},"end":{"line":75,"column":25}}},"fnMap":{"0":{"name":"Products","decl":{"start":{"line":17,"column":9},"end":{"line":17,"column":17}},"loc":{"start":{"line":17,"column":20},"end":{"line":88,"column":1}},"line":17},"1":{"name":"(anonymous_1)","decl":{"start":{"line":21,"column":24},"end":{"line":21,"column":25}},"loc":{"start":{"line":21,"column":36},"end":{"line":30,"column":5}},"line":21},"2":{"name":"(anonymous_2)","decl":{"start":{"line":24,"column":18},"end":{"line":24,"column":19}},"loc":{"start":{"line":24,"column":32},"end":{"line":29,"column":13}},"line":24},"3":{"name":"(anonymous_3)","decl":{"start":{"line":32,"column":14},"end":{"line":32,"column":15}},"loc":{"start":{"line":32,"column":20},"end":{"line":34,"column":5}},"line":32},"4":{"name":"(anonymous_4)","decl":{"start":{"line":69,"column":43},"end":{"line":69,"column":44}},"loc":{"start":{"line":69,"column":58},"end":{"line":75,"column":25}},"line":69}},"branchMap":{"0":{"loc":{"start":{"line":25,"column":16},"end":{"line":28,"column":17}},"type":"if","locations":[{"start":{"line":25,"column":16},"end":{"line":28,"column":17}},{"start":{},"end":{}}],"line":25},"1":{"loc":{"start":{"line":62,"column":13},"end":{"line":85,"column":13}},"type":"cond-expr","locations":[{"start":{"line":63,"column":16},"end":{"line":65,"column":24}},{"start":{"line":67,"column":16},"end":{"line":84,"column":22}}],"line":62}},"s":{"0":0,"1":0,"2":0,"3":0,"4":0,"5":0,"6":0,"7":0,"8":0,"9":0,"10":0,"11":0},"f":{"0":0,"1":0,"2":0,"3":0,"4":0},"b":{"0":[0,0],"1":[0,0]}}
,"C:\\laragon\\www\\InventorySystem\\resources\\js\\components\\Profile.jsx": {"path":"C:\\laragon\\www\\InventorySystem\\resources\\js\\components\\Profile.jsx","statementMap":{"0":{"start":{"line":48,"column":21},"end":{"line":48,"column":44}},"1":{"start":{"line":49,"column":19},"end":{"line":49,"column":39}},"2":{"start":{"line":50,"column":28},"end":{"line":50,"column":47}},"3":{"start":{"line":51,"column":44},"end":{"line":51,"column":56}},"4":{"start":{"line":52,"column":40},"end":{"line":52,"column":54}},"5":{"start":{"line":53,"column":44},"end":{"line":53,"column":58}},"6":{"start":{"line":54,"column":44},"end":{"line":54,"column":58}},"7":{"start":{"line":55,"column":24},"end":{"line":55,"column":34}},"8":{"start":{"line":56,"column":24},"end":{"line":56,"column":34}},"9":{"start":{"line":57,"column":26},"end":{"line":57,"column":36}},"10":{"start":{"line":58,"column":17},"end":{"line":58,"column":27}},"11":{"start":{"line":59,"column":17},"end":{"line":59,"column":27}},"12":{"start":{"line":60,"column":18},"end":{"line":60,"column":28}},"13":{"start":{"line":61,"column":32},"end":{"line":61,"column":44}},"14":{"start":{"line":62,"column":38},"end":{"line":62,"column":53}},"15":{"start":{"line":63,"column":44},"end":{"line":63,"column":56}},"16":{"start":{"line":64,"column":36},"end":{"line":64,"column":50}},"17":{"start":{"line":65,"column":36},"end":{"line":65,"column":55}},"18":{"start":{"line":66,"column":40},"end":{"line":66,"column":55}},"19":{"start":{"line":67,"column":42},"end":{"line":67,"column":57}},"20":{"start":{"line":68,"column":19},"end":{"line":68,"column":33}},"21":{"start":{"line":69,"column":17},"end":{"line":69,"column":34}},"22":{"start":{"line":70,"column":24},"end":{"line":72,"column":5}},"23":{"start":{"line":71,"column":8},"end":{"line":71,"column":41}},"24":{"start":{"line":73,"column":24},"end":{"line":75,"column":5}},"25":{"start":{"line":74,"column":8},"end":{"line":74,"column":26}},"26":{"start":{"line":77,"column":19},"end":{"line":82,"column":5}},"27":{"start":{"line":78,"column":8},"end":{"line":78,"column":22}},"28":{"start":{"line":79,"column":8},"end":{"line":79,"column":39}},"29":{"start":{"line":80,"column":8},"end":{"line":80,"column":52}},"30":{"start":{"line":81,"column":8},"end":{"line":81,"column":22}},"31":{"start":{"line":84,"column":24},"end":{"line":111,"column":5}},"32":{"start":{"line":85,"column":8},"end":{"line":110,"column":15}},"33":{"start":{"line":97,"column":16},"end":{"line":102,"column":17}},"34":{"start":{"line":98,"column":20},"end":{"line":98,"column":43}},"35":{"start":{"line":99,"column":20},"end":{"line":99,"column":69}},"36":{"start":{"line":100,"column":20},"end":{"line":100,"column":39}},"37":{"start":{"line":101,"column":20},"end":{"line":101,"column":45}},"38":{"start":{"line":105,"column":16},"end":{"line":109,"column":17}},"39":{"start":{"line":106,"column":20},"end":{"line":106,"column":41}},"40":{"start":{"line":107,"column":20},"end":{"line":107,"column":60}},"41":{"start":{"line":108,"column":20},"end":{"line":108,"column":39}},"42":{"start":{"line":113,"column":24},"end":{"line":141,"column":5}},"43":{"start":{"line":114,"column":8},"end":{"line":140,"column":15}},"44":{"start":{"line":125,"column":16},"end":{"line":131,"column":17}},"45":{"start":{"line":126,"column":20},"end":{"line":126,"column":47}},"46":{"start":{"line":127,"column":20},"end":{"line":127,"column":43}},"47":{"start":{"line":128,"column":20},"end":{"line":128,"column":62}},"48":{"start":{"line":129,"column":20},"end":{"line":129,"column":39}},"49":{"start":{"line":130,"column":20},"end":{"line":130,"column":45}},"50":{"start":{"line":134,"column":16},"end":{"line":139,"column":17}},"51":{"start":{"line":135,"column":20},"end":{"line":135,"column":56}},"52":{"start":{"line":136,"column":20},"end":{"line":136,"column":41}},"53":{"start":{"line":137,"column":20},"end":{"line":137,"column":60}},"54":{"start":{"line":138,"column":20},"end":{"line":138,"column":39}},"55":{"start":{"line":143,"column":29},"end":{"line":149,"column":5}},"56":{"start":{"line":144,"column":8},"end":{"line":146,"column":9}},"57":{"start":{"line":145,"column":12},"end":{"line":145,"column":19}},"58":{"start":{"line":148,"column":8},"end":{"line":148,"column":28}},"59":{"start":{"line":151,"column":25},"end":{"line":157,"column":5}},"60":{"start":{"line":152,"column":8},"end":{"line":156,"column":9}},"61":{"start":{"line":153,"column":12},"end":{"line":153,"column":32}},"62":{"start":{"line":155,"column":12},"end":{"line":155,"column":33}},"63":{"start":{"line":159,"column":29},"end":{"line":165,"column":5}},"64":{"start":{"line":160,"column":8},"end":{"line":164,"column":9}},"65":{"start":{"line":161,"column":12},"end":{"line":161,"column":34}},"66":{"start":{"line":163,"column":12},"end":{"line":163,"column":35}},"67":{"start":{"line":167,"column":29},"end":{"line":173,"column":5}},"68":{"start":{"line":168,"column":8},"end":{"line":172,"column":9}},"69":{"start":{"line":169,"column":12},"end":{"line":169,"column":34}},"70":{"start":{"line":171,"column":12},"end":{"line":171,"column":35}},"71":{"start":{"line":175,"column":27},"end":{"line":206,"column":5}},"72":{"start":{"line":176,"column":8},"end":{"line":205,"column":15}},"73":{"start":{"line":192,"column":16},"end":{"line":199,"column":17}},"74":{"start":{"line":193,"column":20},"end":{"line":193,"column":42}},"75":{"start":{"line":194,"column":20},"end":{"line":194,"column":34}},"76":{"start":{"line":195,"column":20},"end":{"line":195,"column":39}},"77":{"start":{"line":196,"column":20},"end":{"line":196,"column":43}},"78":{"start":{"line":197,"column":20},"end":{"line":197,"column":51}},"79":{"start":{"line":198,"column":20},"end":{"line":198,"column":45}},"80":{"start":{"line":202,"column":16},"end":{"line":204,"column":17}},"81":{"start":{"line":203,"column":20},"end":{"line":203,"column":54}},"82":{"start":{"line":208,"column":28},"end":{"line":244,"column":5}},"83":{"start":{"line":209,"column":8},"end":{"line":243,"column":15}},"84":{"start":{"line":224,"column":16},"end":{"line":233,"column":17}},"85":{"start":{"line":225,"column":20},"end":{"line":225,"column":42}},"86":{"start":{"line":226,"column":20},"end":{"line":226,"column":34}},"87":{"start":{"line":227,"column":20},"end":{"line":227,"column":39}},"88":{"start":{"line":228,"column":20},"end":{"line":228,"column":43}},"89":{"start":{"line":229,"column":20},"end":{"line":229,"column":51}},"90":{"start":{"line":230,"column":20},"end":{"line":230,"column":45}},"91":{"start":{"line":231,"column":20},"end":{"line":231,"column":61}},"92":{"start":{"line":236,"column":16},"end":{"line":239,"column":17}},"93":{"start":{"line":237,"column":20},"end":{"line":237,"column":54}},"94":{"start":{"line":238,"column":20},"end":{"line":238,"column":56}},"95":{"start":{"line":240,"column":16},"end":{"line":242,"column":17}},"96":{"start":{"line":241,"column":20},"end":{"line":241,"column":54}},"97":{"start":{"line":246,"column":23},"end":{"line":275,"column":5}},"98":{"start":{"line":247,"column":8},"end":{"line":274,"column":15}},"99":{"start":{"line":261,"column":16},"end":{"line":268,"column":17}},"100":{"start":{"line":262,"column":20},"end":{"line":262,"column":42}},"101":{"start":{"line":263,"column":20},"end":{"line":263,"column":34}},"102":{"start":{"line":264,"column":20},"end":{"line":264,"column":43}},"103":{"start":{"line":265,"column":20},"end":{"line":265,"column":39}},"104":{"start":{"line":266,"column":20},"end":{"line":266,"column":51}},"105":{"start":{"line":267,"column":20},"end":{"line":267,"column":45}},"106":{"start":{"line":271,"column":16},"end":{"line":273,"column":17}},"107":{"start":{"line":272,"column":20},"end":{"line":272,"column":54}},"108":{"start":{"line":277,"column":26},"end":{"line":294,"column":5}},"109":{"start":{"line":278,"column":8},"end":{"line":293,"column":15}},"110":{"start":{"line":289,"column":16},"end":{"line":292,"column":17}},"111":{"start":{"line":290,"column":20},"end":{"line":290,"column":47}},"112":{"start":{"line":291,"column":20},"end":{"line":291,"column":45}},"113":{"start":{"line":296,"column":22},"end":{"line":325,"column":5}},"114":{"start":{"line":297,"column":8},"end":{"line":324,"column":15}},"115":{"start":{"line":309,"column":16},"end":{"line":315,"column":17}},"116":{"start":{"line":310,"column":20},"end":{"line":310,"column":47}},"117":{"start":{"line":311,"column":20},"end":{"line":311,"column":51}},"118":{"start":{"line":312,"column":20},"end":{"line":312,"column":39}},"119":{"start":{"line":313,"column":20},"end":{"line":313,"column":43}},"120":{"start":{"line":314,"column":20},"end":{"line":314,"column":45}},"121":{"start":{"line":318,"column":16},"end":{"line":323,"column":17}},"122":{"start":{"line":319,"column":20},"end":{"line":319,"column":60}},"123":{"start":{"line":320,"column":20},"end":{"line":320,"column":39}},"124":{"start":{"line":321,"column":20},"end":{"line":321,"column":41}},"125":{"start":{"line":322,"column":20},"end":{"line":322,"column":41}},"126":{"start":{"line":327,"column":4},"end":{"line":329,"column":11}},"127":{"start":{"line":328,"column":8},"end":{"line":328,"column":53}},"128":{"start":{"line":331,"column":4},"end":{"line":913,"column":6}},"129":{"start":{"line":405,"column":36},"end":{"line":405,"column":65}},"130":{"start":{"line":477,"column":62},"end":{"line":480,"column":63}},"131":{"start":{"line":482,"column":62},"end":{"line":487,"column":63}},"132":{"start":{"line":530,"column":62},"end":{"line":533,"column":63}},"133":{"start":{"line":535,"column":62},"end":{"line":540,"column":63}},"134":{"start":{"line":579,"column":62},"end":{"line":582,"column":63}},"135":{"start":{"line":584,"column":62},"end":{"line":589,"column":63}},"136":{"start":{"line":770,"column":36},"end":{"line":770,"column":56}},"137":{"start":{"line":797,"column":48},"end":{"line":797,"column":70}},"138":{"start":{"line":830,"column":28},"end":{"line":830,"column":49}},"139":{"start":{"line":853,"column":39},"end":{"line":853,"column":59}},"140":{"start":{"line":863,"column":36},"end":{"line":863,"column":48}},"141":{"start":{"line":871,"column":36},"end":{"line":871,"column":57}},"142":{"start":{"line":884,"column":39},"end":{"line":884,"column":60}},"143":{"start":{"line":894,"column":36},"end":{"line":894,"column":52}},"144":{"start":{"line":902,"column":36},"end":{"line":902,"column":58}}},"fnMap":{"0":{"name":"Profile","decl":{"start":{"line":47,"column":9},"end":{"line":47,"column":16}},"loc":{"start":{"line":47,"column":19},"end":{"line":914,"column":1}},"line":47},"1":{"name":"(anonymous_1)","decl":{"start":{"line":70,"column":24},"end":{"line":70,"column":25}},"loc":{"start":{"line":70,"column":35},"end":{"line":72,"column":5}},"line":70},"2":{"name":"(anonymous_2)","decl":{"start":{"line":73,"column":24},"end":{"line":73,"column":25}},"loc":{"start":{"line":73,"column":30},"end":{"line":75,"column":5}},"line":73},"3":{"name":"(anonymous_3)","decl":{"start":{"line":77,"column":19},"end":{"line":77,"column":20}},"loc":{"start":{"line":77,"column":26},"end":{"line":82,"column":5}},"line":77},"4":{"name":"(anonymous_4)","decl":{"start":{"line":84,"column":24},"end":{"line":84,"column":25}},"loc":{"start":{"line":84,"column":36},"end":{"line":111,"column":5}},"line":84},"5":{"name":"(anonymous_5)","decl":{"start":{"line":96,"column":18},"end":{"line":96,"column":19}},"loc":{"start":{"line":96,"column":32},"end":{"line":103,"column":13}},"line":96},"6":{"name":"(anonymous_6)","decl":{"start":{"line":104,"column":19},"end":{"line":104,"column":20}},"loc":{"start":{"line":104,"column":33},"end":{"line":110,"column":13}},"line":104},"7":{"name":"(anonymous_7)","decl":{"start":{"line":113,"column":24},"end":{"line":113,"column":25}},"loc":{"start":{"line":113,"column":36},"end":{"line":141,"column":5}},"line":113},"8":{"name":"(anonymous_8)","decl":{"start":{"line":124,"column":18},"end":{"line":124,"column":19}},"loc":{"start":{"line":124,"column":32},"end":{"line":132,"column":13}},"line":124},"9":{"name":"(anonymous_9)","decl":{"start":{"line":133,"column":19},"end":{"line":133,"column":20}},"loc":{"start":{"line":133,"column":33},"end":{"line":140,"column":13}},"line":133},"10":{"name":"(anonymous_10)","decl":{"start":{"line":143,"column":29},"end":{"line":143,"column":30}},"loc":{"start":{"line":143,"column":48},"end":{"line":149,"column":5}},"line":143},"11":{"name":"(anonymous_11)","decl":{"start":{"line":151,"column":25},"end":{"line":151,"column":26}},"loc":{"start":{"line":151,"column":32},"end":{"line":157,"column":5}},"line":151},"12":{"name":"(anonymous_12)","decl":{"start":{"line":159,"column":29},"end":{"line":159,"column":30}},"loc":{"start":{"line":159,"column":36},"end":{"line":165,"column":5}},"line":159},"13":{"name":"(anonymous_13)","decl":{"start":{"line":167,"column":29},"end":{"line":167,"column":30}},"loc":{"start":{"line":167,"column":36},"end":{"line":173,"column":5}},"line":167},"14":{"name":"(anonymous_14)","decl":{"start":{"line":175,"column":27},"end":{"line":175,"column":28}},"loc":{"start":{"line":175,"column":39},"end":{"line":206,"column":5}},"line":175},"15":{"name":"(anonymous_15)","decl":{"start":{"line":191,"column":18},"end":{"line":191,"column":19}},"loc":{"start":{"line":191,"column":32},"end":{"line":200,"column":13}},"line":191},"16":{"name":"(anonymous_16)","decl":{"start":{"line":201,"column":19},"end":{"line":201,"column":20}},"loc":{"start":{"line":201,"column":33},"end":{"line":205,"column":13}},"line":201},"17":{"name":"(anonymous_17)","decl":{"start":{"line":208,"column":28},"end":{"line":208,"column":29}},"loc":{"start":{"line":208,"column":40},"end":{"line":244,"column":5}},"line":208},"18":{"name":"(anonymous_18)","decl":{"start":{"line":223,"column":18},"end":{"line":223,"column":19}},"loc":{"start":{"line":223,"column":32},"end":{"line":234,"column":13}},"line":223},"19":{"name":"(anonymous_19)","decl":{"start":{"line":235,"column":19},"end":{"line":235,"column":20}},"loc":{"start":{"line":235,"column":33},"end":{"line":243,"column":13}},"line":235},"20":{"name":"(anonymous_20)","decl":{"start":{"line":246,"column":23},"end":{"line":246,"column":24}},"loc":{"start":{"line":246,"column":35},"end":{"line":275,"column":5}},"line":246},"21":{"name":"(anonymous_21)","decl":{"start":{"line":260,"column":18},"end":{"line":260,"column":19}},"loc":{"start":{"line":260,"column":32},"end":{"line":269,"column":13}},"line":260},"22":{"name":"(anonymous_22)","decl":{"start":{"line":270,"column":19},"end":{"line":270,"column":20}},"loc":{"start":{"line":270,"column":33},"end":{"line":274,"column":13}},"line":270},"23":{"name":"(anonymous_23)","decl":{"start":{"line":277,"column":26},"end":{"line":277,"column":27}},"loc":{"start":{"line":277,"column":38},"end":{"line":294,"column":5}},"line":277},"24":{"name":"(anonymous_24)","decl":{"start":{"line":288,"column":18},"end":{"line":288,"column":19}},"loc":{"start":{"line":288,"column":32},"end":{"line":293,"column":13}},"line":288},"25":{"name":"(anonymous_25)","decl":{"start":{"line":296,"column":22},"end":{"line":296,"column":23}},"loc":{"start":{"line":296,"column":34},"end":{"line":325,"column":5}},"line":296},"26":{"name":"(anonymous_26)","decl":{"start":{"line":308,"column":18},"end":{"line":308,"column":19}},"loc":{"start":{"line":308,"column":32},"end":{"line":316,"column":13}},"line":308},"27":{"name":"(anonymous_27)","decl":{"start":{"line":317,"column":19},"end":{"line":317,"column":20}},"loc":{"start":{"line":317,"column":33},"end":{"line":324,"column":13}},"line":317},"28":{"name":"(anonymous_28)","decl":{"start":{"line":327,"column":14},"end":{"line":327,"column":15}},"loc":{"start":{"line":327,"column":20},"end":{"line":329,"column":5}},"line":327},"29":{"name":"(anonymous_29)","decl":{"start":{"line":404,"column":41},"end":{"line":404,"column":42}},"loc":{"start":{"line":404,"column":47},"end":{"line":406,"column":33}},"line":404},"30":{"name":"(anonymous_30)","decl":{"start":{"line":476,"column":58},"end":{"line":476,"column":59}},"loc":{"start":{"line":477,"column":62},"end":{"line":480,"column":63}},"line":477},"31":{"name":"(anonymous_31)","decl":{"start":{"line":481,"column":58},"end":{"line":481,"column":59}},"loc":{"start":{"line":482,"column":62},"end":{"line":487,"column":63}},"line":482},"32":{"name":"(anonymous_32)","decl":{"start":{"line":529,"column":58},"end":{"line":529,"column":59}},"loc":{"start":{"line":530,"column":62},"end":{"line":533,"column":63}},"line":530},"33":{"name":"(anonymous_33)","decl":{"start":{"line":534,"column":58},"end":{"line":534,"column":59}},"loc":{"start":{"line":535,"column":62},"end":{"line":540,"column":63}},"line":535},"34":{"name":"(anonymous_34)","decl":{"start":{"line":578,"column":58},"end":{"line":578,"column":59}},"loc":{"start":{"line":579,"column":62},"end":{"line":582,"column":63}},"line":579},"35":{"name":"(anonymous_35)","decl":{"start":{"line":583,"column":58},"end":{"line":583,"column":59}},"loc":{"start":{"line":584,"column":62},"end":{"line":589,"column":63}},"line":584},"36":{"name":"(anonymous_36)","decl":{"start":{"line":769,"column":41},"end":{"line":769,"column":42}},"loc":{"start":{"line":769,"column":47},"end":{"line":771,"column":33}},"line":769},"37":{"name":"(anonymous_37)","decl":{"start":{"line":796,"column":53},"end":{"line":796,"column":54}},"loc":{"start":{"line":797,"column":48},"end":{"line":797,"column":70}},"line":797},"38":{"name":"(anonymous_38)","decl":{"start":{"line":829,"column":33},"end":{"line":829,"column":34}},"loc":{"start":{"
[...]
":{"start":{"line":84,"column":18},"end":{"line":84,"column":19}},"loc":{"start":{"line":84,"column":32},"end":{"line":92,"column":13}},"line":84},"3":{"name":"(anonymous_3)","decl":{"start":{"line":95,"column":22},"end":{"line":95,"column":23}},"loc":{"start":{"line":95,"column":34},"end":{"line":130,"column":5}},"line":95},"4":{"name":"(anonymous_4)","decl":{"start":{"line":110,"column":18},"end":{"line":110,"column":19}},"loc":{"start":{"line":110,"column":32},"end":{"line":120,"column":13}},"line":110},"5":{"name":"(anonymous_5)","decl":{"start":{"line":121,"column":19},"end":{"line":121,"column":20}},"loc":{"start":{"line":121,"column":33},"end":{"line":129,"column":13}},"line":121},"6":{"name":"(anonymous_6)","decl":{"start":{"line":132,"column":25},"end":{"line":132,"column":26}},"loc":{"start":{"line":132,"column":37},"end":{"line":170,"column":5}},"line":132},"7":{"name":"(anonymous_7)","decl":{"start":{"line":147,"column":18},"end":{"line":147,"column":19}},"loc":{"start":{"line":147,"column":32},"end":{"line":160,"column":13}},"line":147},"8":{"name":"(anonymous_8)","decl":{"start":{"line":161,"column":19},"end":{"line":161,"column":20}},"loc":{"start":{"line":161,"column":33},"end":{"line":169,"column":13}},"line":161},"9":{"name":"(anonymous_9)","decl":{"start":{"line":172,"column":31},"end":{"line":172,"column":32}},"loc":{"start":{"line":172,"column":37},"end":{"line":202,"column":5}},"line":172},"10":{"name":"(anonymous_10)","decl":{"start":{"line":187,"column":18},"end":{"line":187,"column":19}},"loc":{"start":{"line":187,"column":32},"end":{"line":198,"column":13}},"line":187},"11":{"name":"(anonymous_11)","decl":{"start":{"line":199,"column":19},"end":{"line":199,"column":20}},"loc":{"start":{"line":199,"column":25},"end":{"line":201,"column":13}},"line":199},"12":{"name":"(anonymous_12)","decl":{"start":{"line":204,"column":24},"end":{"line":204,"column":25}},"loc":{"start":{"line":204,"column":43},"end":{"line":210,"column":5}},"line":204},"13":{"name":"(anonymous_13)","decl":{"start":{"line":212,"column":25},"end":{"line":212,"column":26}},"loc":{"start":{"line":212,"column":32},"end":{"line":215,"column":5}},"line":212},"14":{"name":"(anonymous_14)","decl":{"start":{"line":217,"column":14},"end":{"line":217,"column":15}},"loc":{"start":{"line":217,"column":20},"end":{"line":219,"column":5}},"line":217},"15":{"name":"(anonymous_15)","decl":{"start":{"line":243,"column":24},"end":{"line":243,"column":25}},"loc":{"start":{"line":243,"column":36},"end":{"line":261,"column":13}},"line":243},"16":{"name":"(anonymous_16)","decl":{"start":{"line":293,"column":37},"end":{"line":293,"column":38}},"loc":{"start":{"line":293,"column":44},"end":{"line":297,"column":29}},"line":293},"17":{"name":"(anonymous_17)","decl":{"start":{"line":317,"column":41},"end":{"line":317,"column":42}},"loc":{"start":{"line":317,"column":48},"end":{"line":321,"column":33}},"line":317},"18":{"name":"(anonymous_18)","decl":{"start":{"line":331,"column":40},"end":{"line":331,"column":41}},"loc":{"start":{"line":331,"column":51},"end":{"line":340,"column":25}},"line":331},"19":{"name":"(anonymous_19)","decl":{"start":{"line":341,"column":37},"end":{"line":341,"column":38}},"loc":{"start":{"line":341,"column":44},"end":{"line":354,"column":25}},"line":341},"20":{"name":"(anonymous_20)","decl":{"start":{"line":344,"column":36},"end":{"line":344,"column":37}},"loc":{"start":{"line":344,"column":43},"end":{"line":344,"column":58}},"line":344},"21":{"name":"(anonymous_21)","decl":{"start":{"line":355,"column":48},"end":{"line":355,"column":49}},"loc":{"start":{"line":355,"column":57},"end":{"line":363,"column":25}},"line":355},"22":{"name":"(anonymous_22)","decl":{"start":{"line":357,"column":36},"end":{"line":357,"column":37}},"loc":{"start":{"line":357,"column":44},"end":{"line":361,"column":29}},"line":357},"23":{"name":"(anonymous_23)","decl":{"start":{"line":359,"column":47},"end":{"line":359,"column":48}},"loc":{"start":{"line":359,"column":54},"end":{"line":359,"column":64}},"line":359},"24":{"name":"(anonymous_24)","decl":{"start":{"line":374,"column":38},"end":{"line":374,"column":39}},"loc":{"start":{"line":374,"column":45},"end":{"line":389,"column":25}},"line":374},"25":{"name":"(anonymous_25)","decl":{"start":{"line":396,"column":45},"end":{"line":396,"column":46}},"loc":{"start":{"line":396,"column":52},"end":{"line":407,"column":25}},"line":396},"26":{"name":"(anonymous_26)","decl":{"start":{"line":409,"column":43},"end":{"line":409,"column":44}},"loc":{"start":{"line":409,"column":50},"end":{"line":418,"column":25}},"line":409},"27":{"name":"(anonymous_27)","decl":{"start":{"line":425,"column":33},"end":{"line":425,"column":34}},"loc":{"start":{"line":425,"column":40},"end":{"line":430,"column":25}},"line":425},"28":{"name":"(anonymous_28)","decl":{"start":{"line":475,"column":41},"end":{"line":475,"column":42}},"loc":{"start":{"line":475,"column":47},"end":{"line":480,"column":33}},"line":475},"29":{"name":"(anonymous_29)","decl":{"start":{"line":490,"column":33},"end":{"line":490,"column":34}},"loc":{"start":{"line":490,"column":40},"end":{"line":494,"column":25}},"line":490},"30":{"name":"(anonymous_30)","decl":{"start":{"line":568,"column":41},"end":{"line":568,"column":42}},"loc":{"start":{"line":568,"column":47},"end":{"line":573,"column":33}},"line":568},"31":{"name":"(anonymous_31)","decl":{"start":{"line":583,"column":33},"end":{"line":583,"column":34}},"loc":{"start":{"line":583,"column":39},"end":{"line":583,"column":59}},"line":583},"32":{"name":"(anonymous_32)","decl":{"start":{"line":594,"column":41},"end":{"line":594,"column":42}},"loc":{"start":{"line":594,"column":47},"end":{"line":598,"column":33}},"line":594},"33":{"name":"(anonymous_33)","decl":{"start":{"line":604,"column":41},"end":{"line":604,"column":42}},"loc":{"start":{"line":604,"column":47},"end":{"line":607,"column":33}},"line":604}},"branchMap":{"0":{"loc":{"start":{"line":85,"column":16},"end":{"line":91,"column":17}},"type":"if","locations":[{"start":{"line":85,"column":16},"end":{"line":91,"column":17}},{"start":{},"end":{}}],"line":85},"1":{"loc":{"start":{"line":111,"column":16},"end":{"line":119,"column":17}},"type":"if","locations":[{"start":{"line":111,"column":16},"end":{"line":119,"column":17}},{"start":{},"end":{}}],"line":111},"2":{"loc":{"start":{"line":122,"column":16},"end":{"line":124,"column":17}},"type":"if","locations":[{"start":{"line":122,"column":16},"end":{"line":124,"column":17}},{"start":{},"end":{}}],"line":122},"3":{"loc":{"start":{"line":125,"column":16},"end":{"line":128,"column":17}},"type":"if","locations":[{"start":{"line":125,"column":16},"end":{"line":128,"column":17}},{"start":{},"end":{}}],"line":125},"4":{"loc":{"start":{"line":148,"column":16},"end":{"line":159,"column":17}},"type":"if","locations":[{"start":{"line":148,"column":16},"end":{"line":159,"column":17}},{"start":{},"end":{}}],"line":148},"5":{"loc":{"start":{"line":156,"column":20},"end":{"line":158,"column":21}},"type":"if","locations":[{"start":{"line":156,"column":20},"end":{"line":158,"column":21}},{"start":{},"end":{}}],"line":156},"6":{"loc":{"start":{"line":162,"column":16},"end":{"line":164,"column":17}},"type":"if","locations":[{"start":{"line":162,"column":16},"end":{"line":164,"column":17}},{"start":{},"end":{}}],"line":162},"7":{"loc":{"start":{"line":165,"column":16},"end":{"line":168,"column":17}},"type":"if","locations":[{"start":{"line":165,"column":16},"end":{"line":168,"column":17}},{"start":{},"end":{}}],"line":165},"8":{"loc":{"start":{"line":188,"column":16},"end":{"line":197,"column":17}},"type":"if","locations":[{"start":{"line":188,"column":16},"end":{"line":197,"column":17}},{"start":{},"end":{}}],"line":188},"9":{"loc":{"start":{"line":205,"column":8},"end":{"line":207,"column":9}},"type":"if","locations":[{"start":{"line":205,"column":8},"end":{"line":207,"column":9}},{"start":{},"end":{}}],"line":205},"10":{"loc":{"start":{"line":254,"column":36},"end":{"line":254,"column":77}},"type":"cond-expr","locations":[{"start":{"line":254,"column":62},"end":{"line":254,"column":68}},{"start":{"line":254,"column":71},"end":{"line":254,"column":77}}],"line":254},"11":{"loc":{"start":{"line":265,"column":4},"end":{"line":271,"column":5}},"type":"if","locations":[{"start":{"line":265,"column":4},"end":{"line":271,"column":5}},{"start":{},"end":{}}],"line":265},"12":{"loc":{"start":{"line":290,"column":36},"end":{"line":290,"column":77}},"type":"cond-expr","locations":[{"start":{"line":290,"column":62},"end":{"line":290,"column":68}},{"start":{"line":290,"column":71},"end":{"line":290,"column":77}}],"line":290},"13":{"loc":{"start":{"line":311,"column":40},"end":{"line":313,"column":52}},"type":"cond-expr","locations":[{"start":{"line":312,"column":46},"end":{"line":312,"column":52}},{"start":{"line":313,"column":46},"end":{"line":313,"column":52}}],"line":311},"14":{"loc":{"start":{"line":333,"column":32},"end":{"line":337,"column":45}},"type":"cond-expr","locations":[{"start":{"line":334,"column":38},"end":{"line":334,"column":50}},{"start":{"line":335,"column":38},"end":{"line":337,"column":45}}],"line":333},"15":{"loc":{"start":{"line":335,"column":38},"end":{"line":337,"column":45}},"type":"cond-expr","locations":[{"start":{"line":336,"column":38},"end":{"line":336,"column":49}},{"start":{"line":337,"column":38},"end":{"line":337,"column":45}}],"line":335},"16":{"loc":{"start":{"line":342,"column":28},"end":{"line":353,"column":29}},"type":"if","locations":[{"start":{"line":342,"column":28},"end":{"line":353,"column":29}},{"start":{},"end":{}}],"line":342},"17":{"loc":{"start":{"line":347,"column":32},"end":{"line":352,"column":33}},"type":"if","locations":[{"start":{"line":347,"column":32},"end":{"line":352,"column":33}},{"start":{},"end":{}}],"line":347},"18":{"loc":{"start":{"line":375,"column":28},"end":{"line":387,"column":29}},"type":"if","locations":[{"start":{"line":375,"column":28},"end":{"line":387,"column":29}},{"start":{"line":381,"column":35},"end":{"line":387,"column":29}}],"line":375},"19":{"loc":{"start":{"line":397,"column":28},"end":{"line":405,"column":29}},"type":"if","locations":[{"start":{"line":397,"column":28},"end":{"line":405,"column":29}},{"start":{"line":403,"column":35},"end":{"line":405,"column":29}}],"line":397},"20":{"loc":{"start":{"line":410,"column":28},"end":{"line":416,"column":29}},"type":"if","locations":[{"start":{"line":410,"column":28},"end":{"line":416,"column":29}},{"start":{"line":413,"column":35},"end":{"line":416,"column":29}}],"line":410},"21":{"loc":{"start":{"line":422,"column":17},"end":{"line":486,"column":17}},"type":"binary-expr","locations":[{"start":{"line":422,"column":17},"end":{"line":422,"column":25}},{"start":{"line":423,"column":20},"end":{"line":485,"column":29}}],"line":422},"22":{"loc":{"start":{"line":487,"column":17},"end":{"line":579,"column":17}},"type":"binary-expr","locations":[{"start":{"line":487,"column":17},"end":{"line":487,"column":26}},{"start":{"line":488,"column":20},"end":{"line":578,"column":29}}],"line":487},"23":{"loc":{"start":{"line":580,"column":17},"end":{"line":614,"column":17}},"type":"binary-expr","locations":[{"start":{"line":580,"column":17},"end":{"line":580,"column":27}},{"start":{"line":581,"column":20},"end":{"line":613,"column":29}}],"line":580}},"s":{"0":0,"1":0,"2":0,"3":0,"4":0,"5":0,"6":0,"7":0,"8":0,"9":0,"10":0,"11":0,"12":0,"13":0,"14":0,"15":0,"16":0,"17":0,"18":0,"19":0,"20":0,"21":0,"22":0,"23":0,"24":0,"25":0,"26":0,"27":0,"28":0,"29":0,"30":0,"31":0,"32":0,"33":0,"34":0,"35":0,"36":0,"37":0,"38":0,"39":0,"40":0,"41":0,"42":0,"43":0,"44":0,"45":0,"46":0,"47":0,"48":0,"49":0,"50":0,"51":0,"52":0,"53":0,"54":0,"55":0,"56":0,"57":0,"58":0,"59":0,"60":0,"61":0,"62":0,"63":0,"64":0,"65":0,"66":0,"67":0,"68":0,"69":0,"70":0,"71":0,"72":0,"73":0,"74":0,"75":0,"76":0,"77":0,"78":0,"79":0,"80":0,"81":0,"82":0,"83":0,"84":0,"85":0,"86":0,"87":0,"88":0,"89":0,"90":0,"91":0,"92":0,"93":0,"94":0,"95":0,"96":0,"97":0,"98":0,"99":0,"100":0,"101":0,"102":0,"103":0,"104":0,"105":0,"106":0,"107":0,"108":0,"109":0,"110":0,"111":0,"112":0,"113":0,"114":0,"115":0,"116":0,"117":0,"118":0,"119":0,"120":0,"121":0,"122":0,"123":0,"124":0,"125":0,"126":0,"127":0,"128":0,"129":0,"130":0,"131":0,"132":0,"133":0,"134":0,"135":0},"f":{"0":0,"1":0,"2":0,"3":0,"4":0,"5":0,"6":0,"7":0,"8":0,"9":0,"10":0,"11":0,"12":0,"13":0,"14":0,"15":0,"16":0,"17":0,"18":0,"19":0,"20":0,"21":0,"22":0,"23":0,"24":0,"25":0,"26":0,"27":0,"28":0,"29":0,"30":0,"31":0,"32":0,"33":0},"b":{"0":[0,0],"1":[0,0],"2":[0,0],"3":[0,0],"4":[0,0],"5":[0,0],"6":[0,0],"7":[0,0],"8":[0,0],"9":[0,0],"10":[0,0],"11":[0,0],"12":[0,0],"13":[0,0],"14":[0,0],"15":[0,0],"16":[0,0],"17":[0,0],"18":[0,0],"19":[0,0],"20":[0,0],"21":[0,0],"22":[0,0],"23":[0,0]}}
,"C:\\laragon\\www\\InventorySystem\\resources\\js\\components\\Verification.jsx": {"path":"C:\\laragon\\www\\InventorySystem\\resources\\js\\components\\Verification.jsx","statementMap":{"0":{"start":{"line":10,"column":21},"end":{"line":10,"column":34}},"1":{"start":{"line":11,"column":37},"end":{"line":11,"column":52}},"2":{"start":{"line":12,"column":32},"end":{"line":12,"column":44}},"3":{"start":{"line":13,"column":18},"end":{"line":13,"column":28}},"4":{"start":{"line":15,"column":19},"end":{"line":32,"column":5}},"5":{"start":{"line":16,"column":8},"end":{"line":31,"column":15}},"6":{"start":{"line":21,"column":16},"end":{"line":24,"column":17}},"7":{"start":{"line":22,"column":20},"end":{"line":22,"column":39}},"8":{"start":{"line":23,"column":20},"end":{"line":23,"column":47}},"9":{"start":{"line":27,"column":16},"end":{"line":30,"column":17}},"10":{"start":{"line":28,"column":20},"end":{"line":28,"column":40}},"11":{"start":{"line":29,"column":20},"end":{"line":29,"column":48}},"12":{"start":{"line":34,"column":19},"end":{"line":61,"column":5}},"13":{"start":{"line":35,"column":8},"end":{"line":60,"column":15}},"14":{"start":{"line":43,"column":16},"end":{"line":47,"column":17}},"15":{"start":{"line":44,"column":20},"end":{"line":44,"column":47}},"16":{"start":{"line":45,"column":20},"end":{"line":45,"column":34}},"17":{"start":{"line":46,"column":20},"end":{"line":46,"column":39}},"18":{"start":{"line":50,"column":16},"end":{"line":54,"column":17}},"19":{"start":{"line":52,"column":20},"end":{"line":52,"column":56}},"20":{"start":{"line":53,"column":20},"end":{"line":53,"column":54}},"21":{"start":{"line":55,"column":16},"end":{"line":59,"column":17}},"22":{"start":{"line":57,"column":20},"end":{"line":57,"column":56}},"23":{"start":{"line":58,"column":20},"end":{"line":58,"column":54}},"24":{"start":{"line":63,"column":4},"end":{"line":67,"column":11}},"25":{"start":{"line":64,"column":8},"end":{"line":64,"column":58}},"26":{"start":{"line":65,"column":8},"end":{"line":65,"column":46}},"27":{"start":{"line":66,"column":8},"end":{"line":66,"column":51}},"28":{"start":{"line":69,"column":4},"end":{"line":136,"column":6}},"29":{"start":{"line":126,"column":36},"end":{"line":126,"column":45}}},"fnMap":{"0":{"name":"Verification","decl":{"start":{"line":9,"column":9},"end":{"line":9,"column":21}},"loc":{"start":{"line":9,"column":24},"end":{"line":137,"column":1}},"line":9},"1":{"name":"(anonymous_1)","decl":{"start":{"line":15,"column":19},"end":{"line":15,"column":20}},"loc":{"start":{"line":15,"column":36},"end":{"line":32,"column":5}},"line":15},"2":{"name":"(anonymous_2)","decl":{"start":{"line":20,"column":18},"end":{"line":20,"column":19}},"loc":{"start":{"line":20,"column":32},"end":{"line":25,"column":13}},"line":20},"3":{"name":"(anonymous_3)","decl":{"start":{"line":26,"column":19},"end":{"line":26,"column":20}},"loc":{"start":{"line":26,"column":33},"end":{"line":31,"column":13}},"line":26},"4":{"name":"(anonymous_4)","decl":{"start":{"line":34,"column":19},"end":{"line":34,"column":20}},"loc":{"start":{"line":34,"column":31},"end":{"line":61,"column":5}},"line":34},"5":{"name":"(anonymous_5)","decl":{"start":{"line":42,"column":18},"end":{"line":42,"column":19}},"loc":{"start":{"line":42,"column":32},"end":{"line":48,"column":13}},"line":42},"6":{"name":"(anonymous_6)","decl":{"start":{"line":49,"column":19},"end":{"line":49,"column":20}},"loc":{"start":{"line":49,"column":33},"end":{"line":60,"column":13}},"line":49},"7":{"name":"(anonymous_7)","decl":{"start":{"line":63,"column":14},"end":{"line":63,"column":15}},"loc":{"start":{"line":63,"column":20},"end":{"line":67,"column":5}},"line":63},"8":{"name":"(anonymous_8)","decl":{"start":{"line":125,"column":41},"end":{"line":125,"column":42}},"loc":{"start":{"line":125,"column":47},"end":{"line":127,"column":33}},"line":125}},"branchMap":{"0":{"loc":{"start":{"line":21,"column":16},"end":{"line":24,"column":17}},"type":"if","locations":[{"start":{"line":21,"column":16},"end":{"line":24,"column":17}},{"start":{},"end":{}}],"line":21},"1":{"loc":{"start":{"line":27,"column":16},"end":{"line":30,"column":17}},"type":"if","locations":[{"start":{"line":27,"column":16},"end":{"line":30,"column":17}},{"start":{},"end":{}}],"line":27},"2":{"loc":{"start":{"line":43,"column":16},"end":{"line":47,"column":17}},"type":"if","locations":[{"start":{"line":43,"column":16},"end":{"line":47,"column":17}},{"start":{},"end":{}}],"line":43},"3":{"loc":{"start":{"line":50,"column":16},"end":{"line":54,"column":17}},"type":"if","locations":[{"start":{"line":50,"column":16},"end":{"line":54,"column":17}},{"start":{},"end":{}}],"line":50},"4":{"loc":{"start":{"line":55,"column":16},"end":{"line":59,"column":17}},"type":"if","locations":[{"start":{"line":55,"column":16},"end":{"line":59,"column":17}},{"start":{},"end":{}}],"line":55},"5":{"loc":{"start":{"line":85,"column":17},"end":{"line":133,"column":17}},"type":"cond-expr","locations":[{"start":{"line":86,"column":20},"end":{"line":101,"column":28}},{"start":{"line":103,"column":20},"end":{"line":132,"column":28}}],"line":85}},"s":{"0":0,"1":0,"2":0,"3":0,"4":0,"5":0,"6":0,"7":0,"8":0,"9":0,"10":0,"11":0,"12":0,"13":0,"14":0,"15":0,"16":0,"17":0,"18":0,"19":0,"20":0,"21":0,"22":0,"23":0,"24":0,"25":0,"26":0,"27":0,"28":0,"29":0},"f":{"0":0,"1":0,"2":0,"3":0,"4":0,"5":0,"6":0,"7":0,"8":0},"b":{"0":[0,0],"1":[0,0],"2":[0,0],"3":[0,0],"4":[0,0],"5":[0,0]}}
,"C:\\laragon\\www\\InventorySystem\\resources\\js\\components\\Yourshop.jsx": {"path":"C:\\laragon\\www\\InventorySystem\\resources\\js\\components\\Yourshop.jsx","statementMap":{"0":{"start":{"line":24,"column":21},"end":{"line":24,"column":34}},"1":{"start":{"line":25,"column":21},"end":{"line":25,"column":34}},"2":{"start":{"line":26,"column":30},"end":{"line":26,"column":41}},"3":{"start":{"line":28,"column":25},"end":{"line":31,"column":5}},"4":{"start":{"line":29,"column":8},"end":{"line":29,"column":69}},"5":{"start":{"line":30,"column":8},"end":{"line":30,"column":27}},"6":{"start":{"line":33,"column":4},"end":{"line":37,"column":11}},"7":{"start":{"line":34,"column":8},"end":{"line":36,"column":9}},"8":{"start":{"line":35,"column":12},"end":{"line":35,"column":63}},"9":{"start":{"line":39,"column":4},"end":{"line":85,"column":6}}},"fnMap":{"0":{"name":"Yourshop","decl":{"start":{"line":23,"column":9},"end":{"line":23,"column":17}},"loc":{"start":{"line":23,"column":20},"end":{"line":86,"column":1}},"line":23},"1":{"name":"(anonymous_1)","decl":{"start":{"line":28,"column":25},"end":{"line":28,"column":26}},"loc":{"start":{"line":28,"column":46},"end":{"line":31,"column":5}},"line":28},"2":{"name":"(anonymous_2)","decl":{"start":{"line":33,"column":14},"end":{"line":33,"column":15}},"loc":{"start":{"line":33,"column":20},"end":{"line":37,"column":5}},"line":33}},"branchMap":{"0":{"loc":{"start":{"line":34,"column":8},"end":{"line":36,"column":9}},"type":"if","locations":[{"start":{"line":34,"column":8},"end":{"line":36,"column":9}},{"start":{},"end":{}}],"line":34}},"s":{"0":0,"1":0,"2":0,"3":0,"4":0,"5":0,"6":0,"7":0,"8":0,"9":0},"f":{"0":0,"1":0,"2":0},"b":{"0":[0,0]}}
}
