TN:
SF:resources\js\components\App.jsx
FN:22,(anonymous_0)
FN:25,(anonymous_1)
FN:28,App
FN:37,(anonymous_3)
FN:38,(anonymous_4)
FN:39,(anonymous_5)
FN:48,(anonymous_6)
FN:60,(anonymous_7)
FN:68,(anonymous_8)
FN:89,(anonymous_9)
FN:105,(anonymous_10)
FNF:11
FNH:0
FNDA:0,(anonymous_0)
FNDA:0,(anonymous_1)
FNDA:0,App
FNDA:0,(anonymous_3)
FNDA:0,(anonymous_4)
FNDA:0,(anonymous_5)
FNDA:0,(anonymous_6)
FNDA:0,(anonymous_7)
FNDA:0,(anonymous_8)
FNDA:0,(anonymous_9)
FNDA:0,(anonymous_10)
DA:22,0
DA:23,0
DA:29,0
DA:30,0
DA:31,0
DA:32,0
DA:33,0
DA:36,0
DA:37,0
DA:39,0
DA:40,0
DA:47,0
DA:49,0
DA:57,0
DA:58,0
DA:60,0
DA:61,0
DA:69,0
DA:70,0
DA:71,0
DA:73,0
DA:75,0
DA:76,0
DA:77,0
DA:78,0
DA:84,0
DA:86,0
DA:90,0
DA:91,0
DA:92,0
DA:93,0
DA:99,0
DA:105,0
DA:106,0
DA:109,0
DA:110,0
DA:116,0
LF:37
LH:0
BRDA:34,0,0,0
BRDA:34,0,1,0
BRDA:40,1,0,0
BRDA:40,1,1,0
BRDA:69,2,0,0
BRDA:69,2,1,0
BRDA:70,3,0,0
BRDA:70,3,1,0
BRDA:78,4,0,0
BRDA:78,4,1,0
BRDA:79,5,0,0
BRDA:79,5,1,0
BRDA:79,5,2,0
BRDA:79,5,3,0
BRDA:90,6,0,0
BRDA:90,6,1,0
BRDA:93,7,0,0
BRDA:93,7,1,0
BRDA:94,8,0,0
BRDA:94,8,1,0
BRDA:94,8,2,0
BRDA:94,8,3,0
BRDA:109,9,0,0
BRDA:109,9,1,0
BRF:24
BRH:0
end_of_record
TN:
SF:resources\js\components\CustomToolbar.jsx
FN:10,CustomToolbar
FNF:1
FNH:1
FNDA:2,CustomToolbar
DA:11,2
LF:1
LH:1
BRF:0
BRH:0
end_of_record
TN:
SF:resources\js\components\Forgotpass.jsx
FN:18,Forgotpass
FN:28,(anonymous_1)
FN:29,(anonymous_2)
FN:31,(anonymous_3)
FN:40,(anonymous_4)
FN:48,(anonymous_5)
FN:56,(anonymous_6)
FN:67,(anonymous_7)
FN:71,(anonymous_8)
FN:78,(anonymous_9)
FN:178,(anonymous_10)
FN:213,(anonymous_11)
FNF:12
FNH:0
FNDA:0,Forgotpass
FNDA:0,(anonymous_1)
FNDA:0,(anonymous_2)
FNDA:0,(anonymous_3)
FNDA:0,(anonymous_4)
FNDA:0,(anonymous_5)
FNDA:0,(anonymous_6)
FNDA:0,(anonymous_7)
FNDA:0,(anonymous_8)
FNDA:0,(anonymous_9)
FNDA:0,(anonymous_10)
FNDA:0,(anonymous_11)
DA:19,0
DA:20,0
DA:21,0
DA:22,0
DA:23,0
DA:24,0
DA:25,0
DA:26,0
DA:27,0
DA:28,0
DA:29,0
DA:31,0
DA:32,0
DA:33,0
DA:41,0
DA:42,0
DA:44,0
DA:45,0
DA:49,0
DA:50,0
DA:51,0
DA:56,0
DA:57,0
DA:58,0
DA:68,0
DA:69,0
DA:72,0
DA:73,0
DA:78,0
DA:79,0
DA:80,0
DA:84,0
DA:179,0
DA:214,0
DA:215,0
LF:35
LH:0
BRDA:41,0,0,0
BRDA:41,0,1,0
BRDA:49,1,0,0
BRDA:49,1,1,0
BRDA:72,2,0,0
BRDA:72,2,1,0
BRDA:103,3,0,0
BRDA:103,3,1,0
BRDA:109,4,0,0
BRDA:109,4,1,0
BRDA:125,5,0,0
BRDA:125,5,1,0
BRDA:140,6,0,0
BRDA:140,6,1,0
BRDA:156,7,0,0
BRDA:156,7,1,0
BRDA:167,8,0,0
BRDA:167,8,1,0
BRDA:189,9,0,0
BRDA:189,9,1,0
BRDA:206,10,0,0
BRDA:206,10,1,0
BRF:22
BRH:0
end_of_record
TN:
SF:resources\js\components\Home.jsx
FN:57,Home
FN:78,(anonymous_1)
FN:89,(anonymous_2)
FN:98,(anonymous_3)
FN:101,(anonymous_4)
FN:108,(anonymous_5)
FN:126,(anonymous_6)
FN:140,(anonymous_7)
FN:155,(anonymous_8)
FN:171,(anonymous_9)
FN:178,(anonymous_10)
FN:186,(anonymous_11)
FN:190,(anonymous_12)
FN:262,(anonymous_13)
FN:292,(anonymous_14)
FN:308,(anonymous_15)
FN:364,(anonymous_16)
FN:416,(anonymous_17)
FN:446,(anonymous_18)
FN:455,(anonymous_19)
FN:470,(anonymous_20)
FN:508,(anonymous_21)
FN:517,(anonymous_22)
FNF:23
FNH:0
FNDA:0,Home
FNDA:0,(anonymous_1)
FNDA:0,(anonymous_2)
FNDA:0,(anonymous_3)
FNDA:0,(anonymous_4)
FNDA:0,(anonymous_5)
FNDA:0,(anonymous_6)
FNDA:0,(anonymous_7)
FNDA:0,(anonymous_8)
FNDA:0,(anonymous_9)
FNDA:0,(anonymous_10)
FNDA:0,(anonymous_11)
FNDA:0,(anonymous_12)
FNDA:0,(anonymous_13)
FNDA:0,(anonymous_14)
FNDA:0,(anonymous_15)
FNDA:0,(anonymous_16)
FNDA:0,(anonymous_17)
FNDA:0,(anonymous_18)
FNDA:0,(anonymous_19)
FNDA:0,(anonymous_20)
FNDA:0,(anonymous_21)
FNDA:0,(anonymous_22)
DA:58,0
DA:59,0
DA:60,0
DA:61,0
DA:62,0
DA:63,0
DA:64,0
DA:65,0
DA:66,0
DA:67,0
DA:68,0
DA:69,0
DA:70,0
DA:71,0
DA:72,0
DA:73,0
DA:74,0
DA:75,0
DA:76,0
DA:78,0
DA:79,0
DA:90,0
DA:91,0
DA:92,0
DA:93,0
DA:98,0
DA:99,0
DA:102,0
DA:103,0
DA:108,0
DA:109,0
DA:127,0
DA:128,0
DA:129,0
DA:130,0
DA:131,0
DA:132,0
DA:133,0
DA:134,0
DA:135,0
DA:136,0
DA:141,0
DA:142,0
DA:143,0
DA:145,0
DA:146,0
DA:147,0
DA:148,0
DA:149,0
DA:150,0
DA:155,0
DA:156,0
DA:157,0
DA:158,0
DA:172,0
DA:173,0
DA:174,0
DA:175,0
DA:179,0
DA:180,0
DA:181,0
DA:186,0
DA:187,0
DA:190,0
DA:191,0
DA:192,0
DA:195,0
DA:263,0
DA:293,0
DA:309,0
DA:310,0
DA:311,0
DA:365,0
DA:417,0
DA:418,0
DA:447,0
DA:456,0
DA:457,0
DA:458,0
DA:471,0
DA:472,0
DA:509,0
DA:518,0
DA:519,0
LF:84
LH:0
BRDA:90,0,0,0
BRDA:90,0,1,0
BRDA:102,1,0,0
BRDA:102,1,1,0
BRDA:127,2,0,0
BRDA:127,2,1,0
BRDA:141,3,0,0
BRDA:141,3,1,0
BRDA:172,4,0,0
BRDA:172,4,1,0
BRDA:179,5,0,0
BRDA:179,5,1,0
BRDA:197,6,0,0
BRDA:197,6,1,0
BRDA:303,7,0,0
BRDA:303,7,1,0
BRDA:431,8,0,0
BRDA:431,8,1,0
BRDA:467,9,0,0
BRDA:467,9,1,0
BRDA:472,10,0,0
BRDA:472,10,1,0
BRDA:495,11,0,0
BRDA:495,11,1,0
BRDA:502,12,0,0
BRDA:502,12,1,0
BRF:26
BRH:0
end_of_record
TN:
SF:resources\js\components\Log.jsx
FN:26,Log
FN:39,(anonymous_1)
FN:55,(anonymous_2)
FN:66,(anonymous_3)
FN:80,(anonymous_4)
FN:115,(anonymous_5)
FN:124,(anonymous_6)
FN:135,(anonymous_7)
FN:158,(anonymous_8)
FN:171,(anonymous_9)
FN:189,(anonymous_10)
FN:204,(anonymous_11)
FNF:12
FNH:0
FNDA:0,Log
FNDA:0,(anonymous_1)
FNDA:0,(anonymous_2)
FNDA:0,(anonymous_3)
FNDA:0,(anonymous_4)
FNDA:0,(anonymous_5)
FNDA:0,(anonymous_6)
FNDA:0,(anonymous_7)
FNDA:0,(anonymous_8)
FNDA:0,(anonymous_9)
FNDA:0,(anonymous_10)
FNDA:0,(anonymous_11)
DA:27,0
DA:28,0
DA:29,0
DA:30,0
DA:31,0
DA:32,0
DA:33,0
DA:34,0
DA:35,0
DA:36,0
DA:37,0
DA:39,0
DA:40,0
DA:43,0
DA:56,0
DA:58,0
DA:59,0
DA:60,0
DA:61,0
DA:66,0
DA:67,0
DA:70,0
DA:81,0
DA:105,0
DA:116,0
DA:125,0
DA:126,0
DA:127,0
DA:128,0
DA:136,0
DA:137,0
DA:143,0
DA:149,0
DA:159,0
DA:160,0
DA:166,0
DA:168,0
DA:172,0
DA:173,0
DA:174,0
DA:176,0
DA:177,0
DA:179,0
DA:190,0
DA:191,0
DA:205,0
DA:206,0
LF:47
LH:0
BRDA:56,0,0,0
BRDA:56,0,1,0
BRDA:107,1,0,0
BRDA:107,1,1,0
BRDA:126,2,0,0
BRDA:126,2,1,0
BRDA:136,3,0,0
BRDA:136,3,1,0
BRDA:159,4,0,0
BRDA:159,4,1,0
BRDA:172,5,0,0
BRDA:172,5,1,0
BRDA:186,6,0,0
BRDA:186,6,1,0
BRF:14
BRH:0
end_of_record
TN:
SF:resources\js\components\Login.jsx
FN:21,Login
FN:30,(anonymous_1)
FN:31,(anonymous_2)
FN:34,(anonymous_3)
FN:40,(anonymous_4)
FN:60,(anonymous_5)
FN:83,(anonymous_6)
FN:91,(anonymous_7)
FNF:8
FNH:0
FNDA:0,Login
FNDA:0,(anonymous_1)
FNDA:0,(anonymous_2)
FNDA:0,(anonymous_3)
FNDA:0,(anonymous_4)
FNDA:0,(anonymous_5)
FNDA:0,(anonymous_6)
FNDA:0,(anonymous_7)
DA:22,0
DA:23,0
DA:24,0
DA:25,0
DA:26,0
DA:27,0
DA:28,0
DA:29,0
DA:30,0
DA:31,0
DA:32,0
DA:34,0
DA:35,0
DA:41,0
DA:42,0
DA:43,0
DA:44,0
DA:45,0
DA:46,0
DA:47,0
DA:48,0
DA:49,0
DA:50,0
DA:51,0
DA:61,0
DA:65,0
DA:66,0
DA:68,0
DA:69,0
DA:70,0
DA:71,0
DA:72,0
DA:74,0
DA:75,0
DA:76,0
DA:77,0
DA:78,0
DA:83,0
DA:84,0
DA:85,0
DA:88,0
DA:91,0
DA:92,0
DA:95,0
LF:44
LH:0
BRDA:41,0,0,0
BRDA:41,0,1,0
BRDA:61,1,0,0
BRDA:61,1,1,0
BRDA:62,2,0,0
BRDA:62,2,1,0
BRDA:74,3,0,0
BRDA:74,3,1,0
BRDA:84,4,0,0
BRDA:84,4,1,0
BRDA:128,5,0,0
BRDA:128,5,1,0
BRDA:140,6,0,0
BRDA:140,6,1,0
BRF:14
BRH:0
end_of_record
TN:
SF:resources\js\components\Map.jsx
FN:23,Map
FN:31,(anonymous_1)
FN:36,(anonymous_2)
FN:47,(anonymous_3)
FN:52,(anonymous_4)
FN:55,(anonymous_5)
FN:70,(anonymous_6)
FN:73,(anonymous_7)
FN:158,(anonymous_8)
FNF:9
FNH:0
FNDA:0,Map
FNDA:0,(anonymous_1)
FNDA:0,(anonymous_2)
FNDA:0,(anonymous_3)
FNDA:0,(anonymous_4)
FNDA:0,(anonymous_5)
FNDA:0,(anonymous_6)
FNDA:0,(anonymous_7)
FNDA:0,(anonymous_8)
DA:24,0
DA:25,0
DA:26,0
DA:27,0
DA:28,0
DA:29,0
DA:31,0
DA:32,0
DA:37,0
DA:38,0
DA:39,0
DA:40,0
DA:41,0
DA:46,0
DA:47,0
DA:48,0
DA:53,0
DA:55,0
DA:59,0
DA:60,0
DA:61,0
DA:62,0
DA:63,0
DA:64,0
DA:70,0
DA:71,0
DA:72,0
DA:73,0
DA:74,0
DA:77,0
DA:81,0
DA:82,0
DA:103,0
DA:104,0
DA:135,0
DA:139,0
DA:141,0
DA:159,0
DA:160,0
DA:161,0
DA:163,0
LF:41
LH:0
BRDA:37,0,0,0
BRDA:37,0,1,0
BRDA:53,1,0,0
BRDA:53,1,1,0
BRDA:63,2,0,0
BRDA:63,2,1,0
BRDA:72,3,0,0
BRDA:72,3,1,0
BRDA:81,4,0,0
BRDA:81,4,1,0
BRDA:81,5,0,0
BRDA:81,5,1,0
BRDA:84,6,0,0
BRDA:84,6,1,0
BRDA:103,7,0,0
BRDA:103,7,1,0
BRDA:157,8,0,0
BRDA:157,8,1,0
BRDA:160,9,0,0
BRDA:160,9,1,0
BRDA:200,10,0,0
BRDA:200,10,1,0
BRDA:200,11,0,0
BRDA:200,11,1,0
BRF:24
BRH:0
end_of_record
TN:
SF:resources\js\components\MyAvatar.jsx
FN:5,MyAvatar
FN:7,stringToColor
FN:27,stringAvatar
FNF:3
FNH:0
FNDA:0,MyAvatar
FNDA:0,stringToColor
FNDA:0,stringAvatar
DA:6,0
DA:8,0
DA:12,0
DA:13,0
DA:16,0
DA:18,0
DA:19,0
DA:20,0
DA:24,0
DA:28,0
DA:29,0
DA:38,0
DA:48,0
LF:13
LH:0
BRDA:28,0,0,0
BRDA:28,0,1,0
BRF:2
BRH:0
end_of_record
TN:
SF:resources\js\components\Navbar.jsx
FN:36,Navbar
FN:44,(anonymous_1)
FN:47,(anonymous_2)
FN:71,(anonymous_3)
FN:82,(anonymous_4)
FN:86,(anonymous_5)
FN:99,(anonymous_6)
FN:140,(anonymous_7)
FNF:8
FNH:0
FNDA:0,Navbar
FNDA:0,(anonymous_1)
FNDA:0,(anonymous_2)
FNDA:0,(anonymous_3)
FNDA:0,(anonymous_4)
FNDA:0,(anonymous_5)
FNDA:0,(anonymous_6)
FNDA:0,(anonymous_7)
DA:37,0
DA:38,0
DA:39,0
DA:40,0
DA:41,0
DA:42,0
DA:43,0
DA:44,0
DA:45,0
DA:47,0
DA:48,0
DA:71,0
DA:72,0
DA:83,0
DA:84,0
DA:87,0
DA:91,0
DA:99,0
DA:141,0
DA:144,0
LF:20
LH:0
BRDA:125,0,0,0
BRDA:125,0,1,0
BRDA:142,1,0,0
BRDA:142,1,1,0
BRDA:147,2,0,0
BRDA:147,2,1,0
BRDA:154,3,0,0
BRDA:154,3,1,0
BRF:8
BRH:0
end_of_record
TN:
SF:resources\js\components\Notfound.jsx
FN:7,Notfound
FN:8,(anonymous_1)
FNF:2
FNH:0
FNDA:0,Notfound
FNDA:0,(anonymous_1)
DA:8,0
DA:9,0
DA:12,0
LF:3
LH:0
BRF:0
BRH:0
end_of_record
TN:
SF:resources\js\components\Products.jsx
FN:17,Products
FN:21,(anonymous_1)
FN:24,(anonymous_2)
FN:32,(anonymous_3)
FN:69,(anonymous_4)
FNF:5
FNH:0
FNDA:0,Products
FNDA:0,(anonymous_1)
FNDA:0,(anonymous_2)
FNDA:0,(anonymous_3)
FNDA:0,(anonymous_4)
DA:18,0
DA:19,0
DA:21,0
DA:22,0
DA:25,0
DA:26,0
DA:27,0
DA:32,0
DA:33,0
DA:36,0
DA:60,0
DA:69,0
LF:12
LH:0
BRDA:25,0,0,0
BRDA:25,0,1,0
BRDA:62,1,0,0
BRDA:62,1,1,0
BRF:4
BRH:0
end_of_record
TN:
SF:resources\js\components\Profile.jsx
FN:47,Profile
FN:70,(anonymous_1)
FN:73,(anonymous_2)
FN:77,(anonymous_3)
FN:84,(anonymous_4)
FN:96,(anonymous_5)
FN:104,(anonymous_6)
FN:113,(anonymous_7)
FN:124,(anonymous_8)
FN:133,(anonymous_9)
FN:143,(anonymous_10)
FN:151,(anonymous_11)
FN:159,(anonymous_12)
FN:167,(anonymous_13)
FN:175,(anonymous_14)
FN:191,(anonymous_15)
FN:201,(anonymous_16)
FN:208,(anonymous_17)
FN:223,(anonymous_18)
FN:235,(anonymous_19)
FN:246,(anonymous_20)
FN:260,(anonymous_21)
FN:270,(anonymous_22)
FN:277,(anonymous_23)
FN:288,(anonymous_24)
FN:296,(anonymous_25)
FN:308,(anonymous_26)
FN:317,(anonymous_27)
FN:327,(anonymous_28)
FN:404,(anonymous_29)
FN:476,(anonymous_30)
FN:481,(anonymous_31)
FN:529,(anonymous_32)
FN:534,(anonymous_33)
FN:578,(anonymous_34)
FN:583,(anonymous_35)
FN:769,(anonymous_36)
FN:796,(anonymous_37)
FN:829,(anonymous_38)
FN:853,(anonymous_39)
FN:862,(anonymous_40)
FN:870,(anonymous_41)
FN:884,(anonymous_42)
FN:893,(anonymous_43)
FN:901,(anonymous_44)
FNF:45
FNH:0
FNDA:0,Profile
FNDA:0,(anonymous_1)
FNDA:0,(anonymous_2)
FNDA:0,(anonymous_3)
FNDA:0,(anonymous_4)
FNDA:0,(anonymous_5)
FNDA:0,(anonymous_6)
FNDA:0,(anonymous_7)
FNDA:0,(anonymous_8)
FNDA:0,(anonymous_9)
FNDA:0,(anonymous_10)
FNDA:0,(anonymous_11)
FNDA:0,(anonymous_12)
FNDA:0,(anonymous_13)
FNDA:0,(anonymous_14)
FNDA:0,(anonymous_15)
FNDA:0,(anonymous_16)
FNDA:0,(anonymous_17)
FNDA:0,(anonymous_18)
FNDA:0,(anonymous_19)
FNDA:0,(anonymous_20)
FNDA:0,(anonymous_21)
FNDA:0,(anonymous_22)
FNDA:0,(anonymous_23)
FNDA:0,(anonymous_24)
FNDA:0,(anonymous_25)
FNDA:0,(anonymous_26)
FNDA:0,(anonymous_27)
FNDA:0,(anonymous_28)
FNDA:0,(anonymous_29)
FNDA:0,(anonymous_30)
FNDA:0,(anonymous_31)
FNDA:0,(anonymous_32)
FNDA:0,(anonymous_33)
FNDA:0,(anonymous_34)
FNDA:0,(anonymous_35)
FNDA:0,(anonymous_36)
FNDA:0,(anonymous_37)
FNDA:0,(anonymous_38)
FNDA:0,(anonymous_39)
FNDA:0,(anonymous_40)
FNDA:0,(anonymous_41)
FNDA:0,(anonymous_42)
FNDA:0,(anonymous_43)
FNDA:0,(anonymous_44)
DA:48,0
DA:49,0
DA:50,0
DA:51,0
DA:52,0
DA:53,0
DA:54,0
DA:55,0
DA:56,0
DA:57,0
DA:58,0
DA:59,0
DA:60,0
DA:61,0
DA:62,0
DA:63,0
DA:64,0
DA:65,0
DA:66,0
DA:67,0
DA:68,0
DA:69,0
DA:70,0
DA:71,0
DA:73,0
DA:74,0
DA:77,0
DA:78,0
DA:79,0
DA:80,0
DA:81,0
DA:84,0
DA:85,0
DA:97,0
DA:98,0
DA:99,0
DA:100,0
DA:101,0
DA:105,0
DA:106,0
DA:107,0
DA:108,0
DA:113,0
DA:114,0
DA:125,0
DA:126,0
DA:127,0
DA:128,0
DA:129,0
DA:130,0
DA:134,0
DA:135,0
DA:136,0
DA:137,0
DA:138,0
DA:143,0
DA:144,0
DA:145,0
DA:148,0
DA:151,0
DA:152,0
DA:153,0
DA:155,0
DA:159,0
DA:160,0
DA:161,0
DA:163,0
DA:167,0
DA:168,0
DA:169,0
DA:171,0
DA:175,0
DA:176,0
DA:192,0
DA:193,0
DA:194,0
DA:195,0
DA:196,0
DA:197,0
DA:198,0
DA:202,0
DA:203,0
DA:208,0
DA:209,0
DA:224,0
DA:225,0
DA:226,0
DA:227,0
DA:228,0
DA:229,0
DA:230,0
DA:231,0
DA:236,0
DA:237,0
DA:238,0
DA:240,0
DA:241,0
DA:246,0
DA:247,0
DA:261,0
DA:262,0
DA:263,0
DA:264,0
DA:265,0
DA:266,0
DA:267,0
DA:271,0
DA:272,0
DA:277,0
DA:278,0
DA:289,0
DA:290,0
DA:291,0
DA:296,0
DA:297,0
DA:309,0
DA:310,0
DA:311,0
DA:312,0
DA:313,0
DA:314,0
DA:318,0
DA:319,0
DA:320,0
DA:321,0
DA:322,0
DA:327,0
DA:328,0
DA:331,0
DA:405,0
DA:477,0
DA:482,0
DA:530,0
DA:535,0
DA:579,0
DA:584,0
DA:770,0
DA:797,0
DA:830,0
DA:853,0
DA:863,0
DA:871,0
DA:884,0
DA:894,0
DA:902,0
LF:145
LH:0
BRDA:97,0,0,0
BRDA:97,0,1,0
BRDA:105,1,0,0
BRDA:105,1,1,0
BRDA:125,2,0,0
BRDA:125,2,1,0
BRDA:134,3,0,0
BRDA:134,3,1,0
BRDA:144,4,0,0
BRDA:144,4,1,0
BRDA:152,5,0,0
BRDA:152,5,1,0
BRDA:160,6,0,0
BRDA:160,6,1,0
BRDA:168,7,0,0
BRDA:168,7,1,0
BRDA:192,8,0,0
BRDA:192,8,1,0
BRDA:202,9,0,0
BRDA:202,9,1,0
BRDA:224,10,0,0
BRDA:224,10,1,0
BRDA:236,11,0,0
BRDA:236,11,1,0
BRDA:240,12,0,0
BRDA:240,12,1,0
BRDA:261,13,0,0
BRDA:261,13,1,0
BRDA:271,14,0,0
BRDA:271,14,1,0
BRDA:289,15,0,0
BRDA:289,15,1,0
BRDA:309,16,0,0
BRDA:309,16,1,0
BRDA:318,17,0,0
BRDA:318,17,1,0
BRDA:462,18,0,0
BRDA:462,18,1,0
BRDA:473,19,0,0
BRDA:473,19,1,0
BRDA:490,20,0,0
BRDA:490,20,1,0
BRDA:507,21,0,0
BRDA:507,21,1,0
BRDA:515,22,0,0
BRDA:515,22,1,0
BRDA:526,23,0,0
BRDA:526,23,1,0
BRDA:543,24,0,0
BRDA:543,24,1,0
BRDA:564,25,0,0
BRDA:564,25,1,0
BRDA:575,26,0,0
BRDA:575,26,1,0
BRDA:592,27,0,0
BRDA:592,27,1,0
BRDA:622,28,0,0
BRDA:622,28,1,0
BRDA:693,29,0,0
BRDA:693,29,1,0
BRDA:695,30,0,0
BRDA:695,30,1,0
BRDA:722,31,0,0
BRDA:722,31,1,0
BRDA:810,32,0,0
BRDA:810,32,1,0
BRDA:850,33,0,0
BRDA:850,33,1,0
BRDA:881,34,0,0
BRDA:881,34,1,0
BRF:70
BRH:0
end_of_record
TN:
SF:resources\js\components\Register.jsx
FN:19,Register
FN:31,(anonymous_1)
FN:32,(anonymous_2)
FN:35,(anonymous_3)
FN:43,(anonymous_4)
FN:53,(anonymous_5)
FN:64,(anonymous_6)
FN:80,(anonymous_7)
FN:89,(anonymous_8)
FN:96,(anonymous_9)
FN:99,(anonymous_10)
FN:107,(anonymous_11)
FN:222,(anonymous_12)
FNF:13
FNH:0
FNDA:0,Register
FNDA:0,(anonymous_1)
FNDA:0,(anonymous_2)
FNDA:0,(anonymous_3)
FNDA:0,(anonymous_4)
FNDA:0,(anonymous_5)
FNDA:0,(anonymous_6)
FNDA:0,(anonymous_7)
FNDA:0,(anonymous_8)
FNDA:0,(anonymous_9)
FNDA:0,(anonymous_10)
FNDA:0,(anonymous_11)
FNDA:0,(anonymous_12)
DA:20,0
DA:21,0
DA:22,0
DA:23,0
DA:24,0
DA:25,0
DA:26,0
DA:27,0
DA:28,0
DA:29,0
DA:30,0
DA:31,0
DA:32,0
DA:33,0
DA:35,0
DA:36,0
DA:44,0
DA:49,0
DA:50,0
DA:51,0
DA:52,0
DA:53,0
DA:54,0
DA:65,0
DA:66,0
DA:67,0
DA:73,0
DA:74,0
DA:75,0
DA:80,0
DA:81,0
DA:82,0
DA:90,0
DA:91,0
DA:92,0
DA:93,0
DA:99,0
DA:100,0
DA:101,0
DA:104,0
DA:107,0
DA:108,0
DA:111,0
DA:223,0
LF:44
LH:0
BRDA:44,0,0,0
BRDA:44,0,1,0
BRDA:65,1,0,0
BRDA:65,1,1,0
BRDA:90,2,0,0
BRDA:90,2,1,0
BRDA:100,3,0,0
BRDA:100,3,1,0
BRDA:157,4,0,0
BRDA:157,4,1,0
BRDA:161,5,0,0
BRDA:161,5,1,0
BRDA:171,6,0,0
BRDA:171,6,1,0
BRDA:187,7,0,0
BRDA:187,7,1,0
BRDA:199,8,0,0
BRDA:199,8,1,0
BRDA:211,9,0,0
BRDA:211,9,1,0
BRF:20
BRH:0
end_of_record
TN:
SF:resources\js\components\Shop.jsx
FN:28,Shop
FN:49,(anonymous_1)
FN:57,(anonymous_2)
FN:65,(anonymous_3)
FN:75,(anonymous_4)
FN:83,(anonymous_5)
FN:100,(anonymous_6)
FN:109,(anonymous_7)
FN:117,(anonymous_8)
FN:132,(anonymous_9)
FN:134,(anonymous_10)
FN:139,(anonymous_11)
FN:145,(anonymous_12)
FN:474,(anonymous_13)
FN:624,(anonymous_14)
FN:634,(anonymous_15)
FN:639,(anonymous_16)
FN:662,(anonymous_17)
FN:675,(anonymous_18)
FNF:19
FNH:0
FNDA:0,Shop
FNDA:0,(anonymous_1)
FNDA:0,(anonymous_2)
FNDA:0,(anonymous_3)
FNDA:0,(anonymous_4)
FNDA:0,(anonymous_5)
FNDA:0,(anonymous_6)
FNDA:0,(anonymous_7)
FNDA:0,(anonymous_8)
FNDA:0,(anonymous_9)
FNDA:0,(anonymous_10)
FNDA:0,(anonymous_11)
FNDA:0,(anonymous_12)
FNDA:0,(anonymous_13)
FNDA:0,(anonymous_14)
FNDA:0,(anonymous_15)
FNDA:0,(anonymous_16)
FNDA:0,(anonymous_17)
FNDA:0,(anonymous_18)
DA:29,0
DA:30,0
DA:31,0
DA:32,0
DA:33,0
DA:34,0
DA:35,0
DA:36,0
DA:37,0
DA:38,0
DA:39,0
DA:40,0
DA:41,0
DA:42,0
DA:43,0
DA:44,0
DA:45,0
DA:46,0
DA:47,0
DA:49,0
DA:50,0
DA:51,0
DA:54,0
DA:57,0
DA:58,0
DA:66,0
DA:67,0
DA:68,0
DA:69,0
DA:70,0
DA:71,0
DA:72,0
DA:76,0
DA:77,0
DA:78,0
DA:83,0
DA:84,0
DA:87,0
DA:101,0
DA:103,0
DA:104,0
DA:105,0
DA:106,0
DA:110,0
DA:111,0
DA:112,0
DA:117,0
DA:118,0
DA:119,0
DA:133,0
DA:134,0
DA:135,0
DA:140,0
DA:141,0
DA:145,0
DA:146,0
DA:147,0
DA:148,0
DA:151,0
DA:178,0
DA:179,0
DA:185,0
DA:186,0
DA:199,0
DA:478,0
DA:479,0
DA:480,0
DA:482,0
DA:625,0
DA:635,0
DA:640,0
DA:641,0
DA:647,0
DA:653,0
DA:663,0
DA:664,0
DA:670,0
DA:672,0
DA:676,0
DA:677,0
DA:678,0
DA:680,0
DA:681,0
DA:683,0
LF:84
LH:0
BRDA:50,0,0,0
BRDA:50,0,1,0
BRDA:66,1,0,0
BRDA:66,1,1,0
BRDA:76,2,0,0
BRDA:76,2,1,0
BRDA:101,3,0,0
BRDA:101,3,1,0
BRDA:110,4,0,0
BRDA:110,4,1,0
BRDA:133,5,0,0
BRDA:133,5,1,0
BRDA:146,6,0,0
BRDA:146,6,1,0
BRDA:178,7,0,0
BRDA:178,7,1,0
BRDA:178,8,0,0
BRDA:178,8,1,0
BRDA:185,9,0,0
BRDA:185,9,1,0
BRDA:203,10,0,0
BRDA:203,10,1,0
BRDA:213,11,0,0
BRDA:213,11,1,0
BRDA:253,12,0,0
BRDA:253,12,1,0
BRDA:281,13,0,0
BRDA:281,13,1,0
BRDA:309,14,0,0
BRDA:309,14,1,0
BRDA:337,15,0,0
BRDA:337,15,1,0
BRDA:365,16,0,0
BRDA:365,16,1,0
BRDA:393,17,0,0
BRDA:393,17,1,0
BRDA:421,18,0,0
BRDA:421,18,1,0
BRDA:458,19,0,0
BRDA:458,19,1,0
BRDA:479,20,0,0
BRDA:479,20,1,0
BRDA:594,21,0,0
BRDA:594,21,1,0
BRDA:640,22,0,0
BRDA:640,22,1,0
BRDA:663,23,0,0
BRDA:663,23,1,0
BRDA:676,24,0,0
BRDA:676,24,1,0
BRF:50
BRH:0
end_of_record
TN:
SF:resources\js\components\ShopData.jsx
FN:35,ShopData
FN:75,(anonymous_1)
FN:78,(anonymous_2)
FN:82,(anonymous_3)
FN:89,(anonymous_4)
FN:101,(anonymous_5)
FN:110,(anonymous_6)
FN:119,(anonymous_7)
FN:130,(anonymous_8)
FN:139,(anonymous_9)
FN:149,(anonymous_10)
FN:193,(anonymous_11)
FN:204,(anonymous_12)
FN:215,(anonymous_13)
FN:223,(anonymous_14)
FN:226,(anonymous_15)
FN:233,(anonymous_16)
FN:252,(anonymous_17)
FN:265,(anonymous_18)
FN:273,(anonymous_19)
FN:277,(anonymous_20)
FN:285,(anonymous_21)
FN:296,(anonymous_22)
FN:305,(anonymous_23)
FN:316,(anonymous_24)
FN:324,(anonymous_25)
FN:408,(anonymous_26)
FN:436,(anonymous_27)
FN:444,(anonymous_28)
FN:811,(anonymous_29)
FN:843,(anonymous_30)
FN:855,(anonymous_31)
FN:870,(anonymous_32)
FN:893,(anonymous_33)
FN:901,(anonymous_34)
FN:909,(anonymous_35)
FNF:36
FNH:0
FNDA:0,ShopData
FNDA:0,(anonymous_1)
FNDA:0,(anonymous_2)
FNDA:0,(anonymous_3)
FNDA:0,(anonymous_4)
FNDA:0,(anonymous_5)
FNDA:0,(anonymous_6)
FNDA:0,(anonymous_7)
FNDA:0,(anonymous_8)
FNDA:0,(anonymous_9)
FNDA:0,(anonymous_10)
FNDA:0,(anonymous_11)
FNDA:0,(anonymous_12)
FNDA:0,(anonymous_13)
FNDA:0,(anonymous_14)
FNDA:0,(anonymous_15)
FNDA:0,(anonymous_16)
FNDA:0,(anonymous_17)
FNDA:0,(anonymous_18)
FNDA:0,(anonymous_19)
FNDA:0,(anonymous_20)
FNDA:0,(anonymous_21)
FNDA:0,(anonymous_22)
FNDA:0,(anonymous_23)
FNDA:0,(anonymous_24)
FNDA:0,(anonymous_25)
FNDA:0,(anonymous_26)
FNDA:0,(anonymous_27)
FNDA:0,(anonymous_28)
FNDA:0,(anonymous_29)
FNDA:0,(anonymous_30)
FNDA:0,(anonymous_31)
FNDA:0,(anonymous_32)
FNDA:0,(anonymous_33)
FNDA:0,(anonymous_34)
FNDA:0,(anonymous_35)
DA:36,0
DA:37,0
DA:38,0
DA:39,0
DA:40,0
DA:41,0
DA:42,0
DA:43,0
DA:44,0
DA:45,0
DA:46,0
DA:47,0
DA:48,0
DA:49,0
DA:50,0
DA:51,0
DA:52,0
DA:53,0
DA:54,0
DA:55,0
DA:56,0
DA:57,0
DA:58,0
DA:59,0
DA:60,0
DA:61,0
DA:62,0
DA:63,0
DA:64,0
DA:65,0
DA:66,0
DA:67,0
DA:68,0
DA:69,0
DA:70,0
DA:71,0
DA:72,0
DA:73,0
DA:74,0
DA:75,0
DA:76,0
DA:78,0
DA:79,0
DA:82,0
DA:83,0
DA:84,0
DA:85,0
DA:86,0
DA:89,0
DA:90,0
DA:102,0
DA:103,0
DA:104,0
DA:105,0
DA:106,0
DA:107,0
DA:111,0
DA:112,0
DA:113,0
DA:114,0
DA:119,0
DA:120,0
DA:131,0
DA:132,0
DA:133,0
DA:134,0
DA:135,0
DA:136,0
DA:140,0
DA:141,0
DA:142,0
DA:143,0
DA:144,0
DA:149,0
DA:150,0
DA:151,0
DA:194,0
DA:195,0
DA:199,0
DA:200,0
DA:205,0
DA:206,0
DA:207,0
DA:208,0
DA:209,0
DA:210,0
DA:215,0
DA:216,0
DA:217,0
DA:220,0
DA:223,0
DA:224,0
DA:227,0
DA:228,0
DA:233,0
DA:234,0
DA:253,0
DA:254,0
DA:255,0
DA:256,0
DA:257,0
DA:258,0
DA:259,0
DA:260,0
DA:261,0
DA:266,0
DA:267,0
DA:268,0
DA:273,0
DA:274,0
DA:277,0
DA:278,0
DA:279,0
DA:281,0
DA:285,0
DA:286,0
DA:297,0
DA:298,0
DA:299,0
DA:300,0
DA:305,0
DA:306,0
DA:317,0
DA:318,0
DA:319,0
DA:324,0
DA:325,0
DA:326,0
DA:327,0
DA:330,0
DA:409,0
DA:437,0
DA:445,0
DA:812,0
DA:813,0
DA:844,0
DA:856,0
DA:871,0
DA:893,0
DA:902,0
DA:910,0
LF:141
LH:0
BRDA:37,0,0,0
BRDA:37,0,1,0
BRDA:102,1,0,0
BRDA:102,1,1,0
BRDA:111,2,0,0
BRDA:111,2,1,0
BRDA:131,3,0,0
BRDA:131,3,1,0
BRDA:140,4,0,0
BRDA:140,4,1,0
BRDA:194,5,0,0
BRDA:194,5,1,0
BRDA:205,6,0,0
BRDA:205,6,1,0
BRDA:216,7,0,0
BRDA:216,7,1,0
BRDA:227,8,0,0
BRDA:227,8,1,0
BRDA:253,9,0,0
BRDA:253,9,1,0
BRDA:266,10,0,0
BRDA:266,10,1,0
BRDA:278,11,0,0
BRDA:278,11,1,0
BRDA:297,12,0,0
BRDA:297,12,1,0
BRDA:317,13,0,0
BRDA:317,13,1,0
BRDA:378,14,0,0
BRDA:378,14,1,0
BRDA:476,15,0,0
BRDA:476,15,1,0
BRDA:836,16,0,0
BRDA:836,16,1,0
BRDA:865,17,0,0
BRDA:865,17,1,0
BRDA:892,18,0,0
BRDA:892,18,1,0
BRF:38
BRH:0
end_of_record
TN:
SF:resources\js\components\Shops.jsx
FN:34,Shops
FN:43,(anonymous_1)
FN:54,(anonymous_2)
FN:64,(anonymous_3)
FN:126,(anonymous_4)
FN:149,(anonymous_5)
FN:240,(anonymous_6)
FNF:7
FNH:0
FNDA:0,Shops
FNDA:0,(anonymous_1)
FNDA:0,(anonymous_2)
FNDA:0,(anonymous_3)
FNDA:0,(anonymous_4)
FNDA:0,(anonymous_5)
FNDA:0,(anonymous_6)
DA:35,0
DA:36,0
DA:37,0
DA:38,0
DA:39,0
DA:40,0
DA:41,0
DA:43,0
DA:44,0
DA:47,0
DA:55,0
DA:56,0
DA:57,0
DA:58,0
DA:59,0
DA:64,0
DA:65,0
DA:66,0
DA:67,0
DA:70,0
DA:127,0
DA:150,0
DA:241,0
DA:242,0
DA:243,0
DA:249,0
DA:250,0
LF:27
LH:0
BRDA:55,0,0,0
BRDA:55,0,1,0
BRDA:80,1,0,0
BRDA:80,1,1,0
BRDA:176,2,0,0
BRDA:176,2,1,0
BRDA:241,3,0,0
BRDA:241,3,1,0
BRF:8
BRH:0
end_of_record
TN:
SF:resources\js\components\Storage.jsx
FN:57,Storage
FN:88,(anonymous_1)
FN:96,(anonymous_2)
FN:112,(anonymous_3)
FN:130,(anonymous_4)
FN:148,(anonymous_5)
FN:151,(anonymous_6)
FN:159,(anonymous_7)
FN:177,(anonymous_8)
FN:196,(anonymous_9)
FN:209,(anonymous_10)
FN:227,(anonymous_11)
FN:245,(anonymous_12)
FN:253,(anonymous_13)
FN:268,(anonymous_14)
FN:284,(anonymous_15)
FN:289,(anonymous_16)
FN:294,(anonymous_17)
FN:297,(anonymous_18)
FN:333,(anonymous_19)
FN:344,(anonymous_20)
FN:382,(anonymous_21)
FN:400,(anonymous_22)
FN:436,(anonymous_23)
FN:443,(anonymous_24)
FN:454,(anonymous_25)
FN:466,(anonymous_26)
FN:469,(anonymous_27)
FN:494,(anonymous_28)
FN:519,(anonymous_29)
FN:544,(anonymous_30)
FN:566,(anonymous_31)
FN:626,(anonymous_32)
FN:641,(anonymous_33)
FN:660,(anonymous_34)
FN:723,(anonymous_35)
FN:737,(anonymous_36)
FN:748,(anonymous_37)
FN:758,(anonymous_38)
FNF:39
FNH:0
FNDA:0,Storage
FNDA:0,(anonymous_1)
FNDA:0,(anonymous_2)
FNDA:0,(anonymous_3)
FNDA:0,(anonymous_4)
FNDA:0,(anonymous_5)
FNDA:0,(anonymous_6)
FNDA:0,(anonymous_7)
FNDA:0,(anonymous_8)
FNDA:0,(anonymous_9)
FNDA:0,(anonymous_10)
FNDA:0,(anonymous_11)
FNDA:0,(anonymous_12)
FNDA:0,(anonymous_13)
FNDA:0,(anonymous_14)
FNDA:0,(anonymous_15)
FNDA:0,(anonymous_16)
FNDA:0,(anonymous_17)
FNDA:0,(anonymous_18)
FNDA:0,(anonymous_19)
FNDA:0,(anonymous_20)
FNDA:0,(anonymous_21)
FNDA:0,(anonymous_22)
FNDA:0,(anonymous_23)
FNDA:0,(anonymous_24)
FNDA:0,(anonymous_25)
FNDA:0,(anonymous_26)
FNDA:0,(anonymous_27)
FNDA:0,(anonymous_28)
FNDA:0,(anonymous_29)
FNDA:0,(anonymous_30)
FNDA:0,(anonymous_31)
FNDA:0,(anonymous_32)
FNDA:0,(anonymous_33)
FNDA:0,(anonymous_34)
FNDA:0,(anonymous_35)
FNDA:0,(anonymous_36)
FNDA:0,(anonymous_37)
FNDA:0,(anonymous_38)
DA:58,0
DA:59,0
DA:60,0
DA:61,0
DA:62,0
DA:63,0
DA:64,0
DA:65,0
DA:66,0
DA:67,0
DA:68,0
DA:69,0
DA:70,0
DA:71,0
DA:72,0
DA:73,0
DA:74,0
DA:75,0
DA:76,0
DA:77,0
DA:78,0
DA:79,0
DA:80,0
DA:81,0
DA:82,0
DA:83,0
DA:84,0
DA:85,0
DA:86,0
DA:88,0
DA:89,0
DA:90,0
DA:93,0
DA:96,0
DA:97,0
DA:107,0
DA:108,0
DA:112,0
DA:113,0
DA:117,0
DA:131,0
DA:132,0
DA:133,0
DA:141,0
DA:142,0
DA:143,0
DA:148,0
DA:149,0
DA:152,0
DA:153,0
DA:159,0
DA:160,0
DA:178,0
DA:179,0
DA:180,0
DA:181,0
DA:182,0
DA:183,0
DA:184,0
DA:186,0
DA:190,0
DA:191,0
DA:192,0
DA:193,0
DA:197,0
DA:198,0
DA:199,0
DA:200,0
DA:202,0
DA:203,0
DA:209,0
DA:210,0
DA:228,0
DA:229,0
DA:230,0
DA:231,0
DA:232,0
DA:233,0
DA:235,0
DA:239,0
DA:240,0
DA:241,0
DA:242,0
DA:246,0
DA:247,0
DA:253,0
DA:255,0
DA:269,0
DA:272,0
DA:276,0
DA:277,0
DA:278,0
DA:279,0
DA:280,0
DA:281,0
DA:289,0
DA:290,0
DA:294,0
DA:295,0
DA:296,0
DA:297,0
DA:298,0
DA:304,0
DA:334,0
DA:345,0
DA:358,0
DA:359,0
DA:366,0
DA:383,0
DA:384,0
DA:385,0
DA:401,0
DA:402,0
DA:403,0
DA:437,0
DA:440,0
DA:441,0
DA:448,0
DA:449,0
DA:450,0
DA:451,0
DA:456,0
DA:466,0
DA:471,0
DA:472,0
DA:479,0
DA:486,0
DA:495,0
DA:496,0
DA:510,0
DA:516,0
DA:521,0
DA:522,0
DA:523,0
DA:529,0
DA:530,0
DA:536,0
DA:545,0
DA:546,0
DA:547,0
DA:548,0
DA:567,0
DA:627,0
DA:628,0
DA:629,0
DA:630,0
DA:642,0
DA:643,0
DA:661,0
DA:724,0
DA:725,0
DA:726,0
DA:737,0
DA:749,0
DA:750,0
DA:751,0
DA:759,0
DA:760,0
LF:158
LH:0
BRDA:89,0,0,0
BRDA:89,0,1,0
BRDA:97,1,0,0
BRDA:97,1,1,0
BRDA:131,2,0,0
BRDA:131,2,1,0
BRDA:152,3,0,0
BRDA:152,3,1,0
BRDA:178,4,0,0
BRDA:178,4,1,0
BRDA:197,5,0,0
BRDA:197,5,1,0
BRDA:202,6,0,0
BRDA:202,6,1,0
BRDA:228,7,0,0
BRDA:228,7,1,0
BRDA:246,8,0,0
BRDA:246,8,1,0
BRDA:269,9,0,0
BRDA:269,9,1,0
BRDA:298,10,0,0
BRDA:298,10,1,0
BRDA:334,11,0,0
BRDA:334,11,1,0
BRDA:358,12,0,0
BRDA:358,12,1,0
BRDA:449,13,0,0
BRDA:449,13,1,0
BRDA:471,14,0,0
BRDA:471,14,1,0
BRDA:495,15,0,0
BRDA:495,15,1,0
BRDA:521,16,0,0
BRDA:521,16,1,0
BRDA:541,17,0,0
BRDA:541,17,1,0
BRDA:638,18,0,0
BRDA:638,18,1,0
BRDA:734,19,0,0
BRDA:734,19,1,0
BRF:40
BRH:0
end_of_record
TN:
SF:resources\js\components\TabPanel.jsx
FN:4,TabPanel
FNF:1
FNH:0
FNDA:0,TabPanel
DA:5,0
DA:7,0
DA:14,0
LF:3
LH:0
BRDA:9,0,0,0
BRDA:9,0,1,0
BRF:2
BRH:0
end_of_record
TN:
SF:resources\js\components\Users.jsx
FN:46,Users
FN:68,(anonymous_1)
FN:84,(anonymous_2)
FN:95,(anonymous_3)
FN:110,(anonymous_4)
FN:121,(anonymous_5)
FN:132,(anonymous_6)
FN:147,(anonymous_7)
FN:161,(anonymous_8)
FN:172,(anonymous_9)
FN:187,(anonymous_10)
FN:199,(anonymous_11)
FN:204,(anonymous_12)
FN:212,(anonymous_13)
FN:217,(anonymous_14)
FN:243,(anonymous_15)
FN:293,(anonymous_16)
FN:317,(anonymous_17)
FN:331,(anonymous_18)
FN:341,(anonymous_19)
FN:344,(anonymous_20)
FN:355,(anonymous_21)
FN:357,(anonymous_22)
FN:359,(anonymous_23)
FN:374,(anonymous_24)
FN:396,(anonymous_25)
FN:409,(anonymous_26)
FN:425,(anonymous_27)
FN:475,(anonymous_28)
FN:490,(anonymous_29)
FN:568,(anonymous_30)
FN:583,(anonymous_31)
FN:594,(anonymous_32)
FN:604,(anonymous_33)
FNF:34
FNH:0
FNDA:0,Users
FNDA:0,(anonymous_1)
FNDA:0,(anonymous_2)
FNDA:0,(anonymous_3)
FNDA:0,(anonymous_4)
FNDA:0,(anonymous_5)
FNDA:0,(anonymous_6)
FNDA:0,(anonymous_7)
FNDA:0,(anonymous_8)
FNDA:0,(anonymous_9)
FNDA:0,(anonymous_10)
FNDA:0,(anonymous_11)
FNDA:0,(anonymous_12)
FNDA:0,(anonymous_13)
FNDA:0,(anonymous_14)
FNDA:0,(anonymous_15)
FNDA:0,(anonymous_16)
FNDA:0,(anonymous_17)
FNDA:0,(anonymous_18)
FNDA:0,(anonymous_19)
FNDA:0,(anonymous_20)
FNDA:0,(anonymous_21)
FNDA:0,(anonymous_22)
FNDA:0,(anonymous_23)
FNDA:0,(anonymous_24)
FNDA:0,(anonymous_25)
FNDA:0,(anonymous_26)
FNDA:0,(anonymous_27)
FNDA:0,(anonymous_28)
FNDA:0,(anonymous_29)
FNDA:0,(anonymous_30)
FNDA:0,(anonymous_31)
FNDA:0,(anonymous_32)
FNDA:0,(anonymous_33)
DA:47,0
DA:48,0
DA:49,0
DA:50,0
DA:51,0
DA:52,0
DA:53,0
DA:54,0
DA:55,0
DA:56,0
DA:57,0
DA:58,0
DA:59,0
DA:60,0
DA:61,0
DA:62,0
DA:63,0
DA:64,0
DA:65,0
DA:66,0
DA:68,0
DA:69,0
DA:72,0
DA:85,0
DA:87,0
DA:88,0
DA:89,0
DA:90,0
DA:95,0
DA:96,0
DA:111,0
DA:112,0
DA:114,0
DA:115,0
DA:116,0
DA:117,0
DA:118,0
DA:122,0
DA:123,0
DA:125,0
DA:126,0
DA:132,0
DA:133,0
DA:148,0
DA:149,0
DA:151,0
DA:152,0
DA:153,0
DA:154,0
DA:155,0
DA:156,0
DA:157,0
DA:162,0
DA:163,0
DA:165,0
DA:166,0
DA:172,0
DA:174,0
DA:188,0
DA:191,0
DA:192,0
DA:193,0
DA:194,0
DA:195,0
DA:196,0
DA:204,0
DA:205,0
DA:206,0
DA:209,0
DA:212,0
DA:213,0
DA:217,0
DA:218,0
DA:221,0
DA:244,0
DA:265,0
DA:266,0
DA:273,0
DA:294,0
DA:295,0
DA:296,0
DA:318,0
DA:319,0
DA:320,0
DA:332,0
DA:338,0
DA:339,0
DA:342,0
DA:343,0
DA:344,0
DA:346,0
DA:347,0
DA:348,0
DA:349,0
DA:350,0
DA:351,0
DA:356,0
DA:357,0
DA:358,0
DA:359,0
DA:362,0
DA:375,0
DA:376,0
DA:382,0
DA:388,0
DA:397,0
DA:398,0
DA:404,0
DA:406,0
DA:410,0
DA:411,0
DA:412,0
DA:414,0
DA:415,0
DA:417,0
DA:426,0
DA:427,0
DA:428,0
DA:429,0
DA:476,0
DA:477,0
DA:478,0
DA:479,0
DA:491,0
DA:492,0
DA:493,0
DA:569,0
DA:570,0
DA:571,0
DA:572,0
DA:583,0
DA:595,0
DA:596,0
DA:597,0
DA:605,0
DA:606,0
LF:136
LH:0
BRDA:85,0,0,0
BRDA:85,0,1,0
BRDA:111,1,0,0
BRDA:111,1,1,0
BRDA:122,2,0,0
BRDA:122,2,1,0
BRDA:125,3,0,0
BRDA:125,3,1,0
BRDA:148,4,0,0
BRDA:148,4,1,0
BRDA:156,5,0,0
BRDA:156,5,1,0
BRDA:162,6,0,0
BRDA:162,6,1,0
BRDA:165,7,0,0
BRDA:165,7,1,0
BRDA:188,8,0,0
BRDA:188,8,1,0
BRDA:205,9,0,0
BRDA:205,9,1,0
BRDA:254,10,0,0
BRDA:254,10,1,0
BRDA:265,11,0,0
BRDA:265,11,1,0
BRDA:290,12,0,0
BRDA:290,12,1,0
BRDA:311,13,0,0
BRDA:311,13,1,0
BRDA:333,14,0,0
BRDA:333,14,1,0
BRDA:335,15,0,0
BRDA:335,15,1,0
BRDA:342,16,0,0
BRDA:342,16,1,0
BRDA:347,17,0,0
BRDA:347,17,1,0
BRDA:375,18,0,0
BRDA:375,18,1,0
BRDA:397,19,0,0
BRDA:397,19,1,0
BRDA:410,20,0,0
BRDA:410,20,1,0
BRDA:422,21,0,0
BRDA:422,21,1,0
BRDA:487,22,0,0
BRDA:487,22,1,0
BRDA:580,23,0,0
BRDA:580,23,1,0
BRF:48
BRH:0
end_of_record
TN:
SF:resources\js\components\Verification.jsx
FN:9,Verification
FN:15,(anonymous_1)
FN:20,(anonymous_2)
FN:26,(anonymous_3)
FN:34,(anonymous_4)
FN:42,(anonymous_5)
FN:49,(anonymous_6)
FN:63,(anonymous_7)
FN:125,(anonymous_8)
FNF:9
FNH:0
FNDA:0,Verification
FNDA:0,(anonymous_1)
FNDA:0,(anonymous_2)
FNDA:0,(anonymous_3)
FNDA:0,(anonymous_4)
FNDA:0,(anonymous_5)
FNDA:0,(anonymous_6)
FNDA:0,(anonymous_7)
FNDA:0,(anonymous_8)
DA:10,0
DA:11,0
DA:12,0
DA:13,0
DA:15,0
DA:16,0
DA:21,0
DA:22,0
DA:23,0
DA:27,0
DA:28,0
DA:29,0
DA:34,0
DA:35,0
DA:43,0
DA:44,0
DA:45,0
DA:46,0
DA:50,0
DA:52,0
DA:53,0
DA:55,0
DA:57,0
DA:58,0
DA:63,0
DA:64,0
DA:65,0
DA:66,0
DA:69,0
DA:126,0
LF:30
LH:0
BRDA:21,0,0,0
BRDA:21,0,1,0
BRDA:27,1,0,0
BRDA:27,1,1,0
BRDA:43,2,0,0
BRDA:43,2,1,0
BRDA:50,3,0,0
BRDA:50,3,1,0
BRDA:55,4,0,0
BRDA:55,4,1,0
BRDA:85,5,0,0
BRDA:85,5,1,0
BRF:12
BRH:0
end_of_record
TN:
SF:resources\js\components\Yourshop.jsx
FN:23,Yourshop
FN:28,(anonymous_1)
FN:33,(anonymous_2)
FNF:3
FNH:0
FNDA:0,Yourshop
FNDA:0,(anonymous_1)
FNDA:0,(anonymous_2)
DA:24,0
DA:25,0
DA:26,0
DA:28,0
DA:29,0
DA:30,0
DA:33,0
DA:34,0
DA:35,0
DA:39,0
LF:10
LH:0
BRDA:34,0,0,0
BRDA:34,0,1,0
BRF:2
BRH:0
end_of_record
